   3.621049e-01   2.305615e+00   0.000000e+00   5.040366e-06   2.465341e-02   5.207663e-06   1.287671e-07   2.547169e-02   6.298251e-04
   3.545399e-01   2.298050e+00   0.000000e+00   3.827185e-06   2.027499e-02   3.934805e-06   9.606257e-08   2.084512e-02   5.089034e-04
   3.458679e-01   2.289378e+00   0.000000e+00   2.851064e-06   1.660896e-02   3.072179e-06   7.577890e-08   1.789707e-02   4.414523e-04
   3.358119e-01   2.279322e+00   0.000000e+00   2.071611e-06   1.354076e-02   2.108135e-06   5.572313e-08   1.377949e-02   3.642256e-04
   3.271399e-01   2.270650e+00   0.000000e+00   1.596119e-06   1.157489e-02   1.552043e-06   3.771852e-08   1.125525e-02   2.735308e-04
   3.175453e-01   2.261055e+00   0.000000e+00   1.210469e-06   9.900146e-03   1.165742e-06   2.860226e-08   9.534333e-03   2.339313e-04
   3.086887e-01   2.252199e+00   0.000000e+00   9.454901e-07   8.687382e-03   9.361258e-07   2.370227e-08   8.601340e-03   2.177820e-04
   3.000166e-01   2.243527e+00   0.000000e+00   7.464760e-07   7.728029e-03   7.547122e-07   2.142321e-08   7.813296e-03   2.217877e-04
   2.903297e-01   2.233840e+00   0.000000e+00   5.757093e-07   6.856226e-03   5.786545e-07   1.504183e-08   6.891300e-03   1.791358e-04
   2.823034e-01   2.225813e+00   0.000000e+00   4.651059e-07   6.257137e-03   4.586617e-07   1.137253e-08   6.170442e-03   1.529963e-04
   2.718785e-01   2.215389e+00   0.000000e+00   3.527401e-07   5.607670e-03   3.535969e-07   9.663234e-09   5.621291e-03   1.536208e-04
   2.632065e-01   2.206716e+00   0.000000e+00   2.799588e-07   5.155102e-03   2.683599e-07   7.999517e-09   4.941521e-03   1.473014e-04
   2.546266e-01   2.198137e+00   0.000000e+00   2.222341e-07   4.769908e-03   2.161693e-07   5.652080e-09   4.639736e-03   1.213131e-04
   2.451243e-01   2.188634e+00   0.000000e+00   1.713672e-07   4.402276e-03   1.697903e-07   4.922779e-09   4.361767e-03   1.264620e-04
   2.365445e-01   2.180054e+00   0.000000e+00   1.348309e-07   4.114360e-03   1.332113e-07   3.737666e-09   4.064940e-03   1.140548e-04
   2.264886e-01   2.169999e+00   0.000000e+00   1.009775e-07   3.820254e-03   9.958373e-08   2.928598e-09   3.767523e-03   1.107968e-04
   2.180933e-01   2.161603e+00   0.000000e+00   7.867956e-08   3.604957e-03   7.884424e-08   2.279065e-09   3.612502e-03   1.044227e-04
   2.073916e-01   2.150902e+00   0.000000e+00   5.649569e-08   3.363541e-03   5.702220e-08   1.663717e-09   3.394887e-03   9.905146e-05
   1.992730e-01   2.142783e+00   0.000000e+00   4.343511e-08   3.201482e-03   4.414548e-08   1.287671e-09   3.253842e-03   9.491073e-05
   1.866339e-01   2.130144e+00   0.000000e+00   2.815747e-08   2.979172e-03   2.857947e-08   8.307190e-10   3.023822e-03   8.789338e-05
   1.774083e-01   2.120918e+00   0.000000e+00   2.007260e-08   2.836551e-03   2.029507e-08   6.461148e-10   2.867988e-03   9.130541e-05
   1.701201e-01   2.113630e+00   0.000000e+00   1.512614e-08   2.733882e-03   1.529252e-08   4.558129e-10   2.763954e-03   8.238313e-05
   1.617248e-01   2.105235e+00   0.000000e+00   1.070666e-08   2.625207e-03   1.085746e-08   3.088133e-10   2.662182e-03   7.571907e-05
   1.535140e-01   2.097024e+00   0.000000e+00   7.459976e-09   2.527873e-03   7.466216e-09   2.495576e-10   2.529987e-03   8.456459e-05
   1.421665e-01   2.085677e+00   0.000000e+00   4.328288e-09   2.406034e-03   4.221967e-09   1.207904e-10   2.346932e-03   6.714568e-05
   1.339558e-01   2.077466e+00   0.000000e+00   2.808112e-09   2.325909e-03   2.782738e-09   8.295795e-11   2.304893e-03   6.871260e-05
   1.257450e-01   2.069255e+00   0.000000e+00   1.752245e-09   2.251750e-03   1.720694e-09   5.868591e-11   2.211204e-03   7.541523e-05
   1.129214e-01   2.056431e+00   0.000000e+00   7.624138e-10   2.146369e-03   7.414937e-10   3.167900e-11   2.087474e-03   8.918363e-05
   1.051719e-01   2.048682e+00   0.000000e+00   4.300208e-10   2.088310e-03   4.235642e-10   2.472785e-11   2.056954e-03   1.200858e-04
   9.594627e-02   2.039456e+00   0.000000e+00   1.994052e-10   2.023930e-03   1.964554e-10   1.401625e-11   1.993990e-03   1.422626e-04
   8.648080e-02   2.029991e+00   0.000000e+00   8.012685e-11   1.962782e-03   7.779587e-11   6.187660e-12   1.905682e-03   1.515725e-04
   7.633264e-02   2.019843e+00   0.000000e+00   2.512137e-11   1.902150e-03   2.528622e-11   6.119288e-12   1.914632e-03   4.633427e-04


   6.787276e-02   2.011383e+00   0.000000e+00   7.870072e-12   1.855157e-03   7.769141e-12   1.335799e-12   1.831366e-03   3.148785e-04
   7.922948e-02   2.022739e+00   0.000000e+00   3.578450e-11   1.918994e-03   3.255726e-11   3.464020e-12   1.745929e-03   1.857630e-04
   8.775393e-02   2.031264e+00   0.000000e+00   9.135171e-11   1.970704e-03   8.232142e-11   5.422437e-12   1.775897e-03   1.169767e-04
   9.714560e-02   2.040656e+00   0.000000e+00   2.216973e-10   2.032016e-03   2.068224e-10   1.101468e-11   1.895677e-03   1.009575e-04
   1.126446e-01   2.056155e+00   0.000000e+00   7.477265e-10   2.144233e-03   7.183880e-10   2.082940e-11   2.060100e-03   5.973186e-05
   1.369079e-01   2.080418e+00   0.000000e+00   3.294411e-09   2.353985e-03   3.213841e-09   7.403494e-11   2.296415e-03   5.290085e-05
   1.579423e-01   2.101452e+00   0.000000e+00   9.092883e-09   2.579318e-03   8.802686e-09   2.003698e-10   2.496999e-03   5.683757e-05
   1.762090e-01   2.119719e+00   0.000000e+00   1.917852e-08   2.819062e-03   1.928984e-08   4.199841e-10   2.835424e-03   6.173371e-05
   1.944757e-01   2.137986e+00   0.000000e+00   3.698389e-08   3.113132e-03   3.748160e-08   9.486434e-10   3.155027e-03   7.985240e-05
   2.129269e-01   2.156437e+00   0.000000e+00   6.718904e-08   3.484238e-03   6.613335e-08   1.573525e-09   3.429492e-03   8.159867e-05
   2.311936e-01   2.174704e+00   0.000000e+00   1.157419e-07   3.952478e-03   1.108147e-07   2.547074e-09   3.784217e-03   8.698017e-05
   2.496448e-01   2.193155e+00   0.000000e+00   1.940489e-07   4.570200e-03   1.940304e-07   4.290404e-09   4.569764e-03   1.010467e-04
   2.680038e-01   2.211514e+00   0.000000e+00   3.182063e-07   5.396829e-03   3.048564e-07   8.943058e-09   5.170413e-03   1.516757e-04
   2.863627e-01   2.229873e+00   0.000000e+00   5.180222e-07   6.547829e-03   5.333006e-07   1.154673e-08   6.740950e-03   1.459514e-04
   3.048139e-01   2.248324e+00   0.000000e+00   8.502636e-07   8.234637e-03   8.422323e-07   1.981057e-08   8.156855e-03   1.918615e-04
   3.232651e-01   2.266775e+00   0.000000e+00   1.425559e-06   1.084499e-02   1.451266e-06   3.339497e-08   1.104056e-02   2.540533e-04
   3.417163e-01   2.285226e+00   0.000000e+00   2.492597e-06   1.521735e-02   2.619524e-06   5.671484e-08   1.599224e-02   3.462451e-04
   3.588760e-01   2.302386e+00   0.000000e+00   4.470835e-06   2.261800e-02   4.915286e-06   1.081091e-07   2.486648e-02   5.469251e-04


   6.206063e-01   2.564116e+00   9.000000e+01   1.383807e-06   1.227561e-03   1.324124e-06   3.191102e-08   1.174617e-03   2.830794e-05
   6.113807e-01   2.554891e+00   9.000000e+01   1.496100e-06   1.380829e-03   1.456169e-06   3.325593e-08   1.343975e-03   3.069363e-05
   6.021551e-01   2.545665e+00   9.000000e+01   1.624056e-06   1.561119e-03   1.533196e-06   3.594574e-08   1.473780e-03   3.455274e-05
   5.975423e-01   2.541052e+00   9.000000e+01   1.694832e-06   1.663266e-03   1.633453e-06   4.242576e-08   1.603030e-03   4.163558e-05
   5.929295e-01   2.536439e+00   9.000000e+01   1.770828e-06   1.774717e-03   1.714147e-06   4.609369e-08   1.717912e-03   4.619493e-05
   5.883167e-01   2.531827e+00   9.000000e+01   1.852401e-06   1.896382e-03   1.860865e-06   4.242576e-08   1.905047e-03   4.343307e-05
   5.837039e-01   2.527214e+00   9.000000e+01   1.940323e-06   2.029671e-03   1.913438e-06   4.756087e-08   2.001549e-03   4.975095e-05
   5.790911e-01   2.522601e+00   9.000000e+01   2.035333e-06   2.176072e-03   1.984352e-06   5.636390e-08   2.121565e-03   6.026134e-05
   5.744783e-01   2.517988e+00   9.000000e+01   2.137929e-06   2.336926e-03   2.034480e-06   5.257371e-08   2.223848e-03   5.746723e-05
   5.698655e-01   2.513375e+00   9.000000e+01   2.249400e-06   2.514565e-03   2.200760e-06   6.198807e-08   2.460191e-03   6.929538e-05
   5.652527e-01   2.508763e+00   9.000000e+01   2.370457e-06   2.710854e-03   2.309575e-06   5.245144e-08   2.641230e-03   5.998346e-05
   5.606399e-01   2.504150e+00   9.000000e+01   2.502503e-06   2.928619e-03   2.518647e-06   7.262507e-08   2.947511e-03   8.499135e-05
   5.560271e-01   2.499537e+00   9.000000e+01   2.646928e-06   3.170907e-03   2.513757e-06   6.211033e-08   3.011374e-03   7.440553e-05
   5.514143e-01   2.494924e+00   9.000000e+01   2.805278e-06   3.441222e-03   2.774180e-06   7.494810e-08   3.403074e-03   9.193850e-05
   5.468015e-01   2.490311e+00   9.000000e+01   2.979733e-06   3.744164e-03   3.088400e-06   8.778586e-08   3.880708e-03   1.103067e-04
   5.421887e-01   2.485699e+00   9.000000e+01   3.172430e-06   4.084687e-03   3.109185e-06   8.045000e-08   4.003255e-03   1.035840e-04
   5.375759e-01   2.481086e+00   9.000000e+01   3.385870e-06   4.468667e-03   3.291359e-06   8.424020e-08   4.343931e-03   1.111801e-04
   5.329631e-01   2.476473e+00   9.000000e+01   3.623758e-06   4.904144e-03   3.557895e-06   9.744476e-08   4.815010e-03   1.318750e-04
   5.283503e-01   2.471860e+00   9.000000e+01   3.890091e-06   5.400312e-03   3.737624e-06   1.049029e-07   5.188653e-03   1.456285e-04
   5.237375e-01   2.467247e+00   9.000000e+01   4.189126e-06   5.967603e-03   4.062847e-06   1.176184e-07   5.787713e-03   1.675528e-04
   5.191247e-01   2.462635e+00   9.000000e+01   4.527013e-06   6.620211e-03   4.175330e-06   1.104048e-07   6.105918e-03   1.614537e-04
   5.145119e-01   2.458022e+00   9.000000e+01   4.911339e-06   7.375875e-03   4.893023e-06   1.381588e-07   7.348368e-03   2.074876e-04
   5.098991e-01   2.453409e+00   9.000000e+01   5.350770e-06   8.255769e-03   5.210910e-06   1.430494e-07   8.039977e-03   2.207127e-04
   5.052863e-01   2.448796e+00   9.000000e+01   5.856765e-06   9.287626e-03   5.849131e-06   1.528305e-07   9.275520e-03   2.423579e-04
   5.006735e-01   2.444183e+00   9.000000e+01   6.443568e-06   1.050658e-02   5.962837e-06   1.491626e-07   9.722723e-03   2.432176e-04
   4.960607e-01   2.439571e+00   9.000000e+01   7.129925e-06   1.195900e-02   7.002084e-06   1.956231e-07   1.174457e-02   3.281180e-04
   4.914479e-01   2.434958e+00   9.000000e+01   7.939898e-06   1.370538e-02   7.493587e-06   1.907325e-07   1.293498e-02   3.292311e-04
   4.868351e-01   2.430345e+00   9.000000e+01   8.904872e-06   1.582581e-02   8.442359e-06   2.249666e-07   1.500383e-02   3.998124e-04
   4.822223e-01   2.425732e+00   9.000000e+01   1.006768e-05   1.843024e-02   9.278648e-06   2.310798e-07   1.698580e-02   4.230224e-04
   4.776095e-01   2.421119e+00   9.000000e+01   1.148580e-05   2.166863e-02   1.096957e-05   2.934346e-07   2.069473e-02   5.535818e-04
   4.729967e-01   2.416507e+00   9.000000e+01   1.323752e-05   2.574881e-02   1.260546e-05   3.129970e-07   2.451937e-02   6.088224e-04
   4.683839e-01   2.411894e+00   9.000000e+01   1.543358e-05   3.096806e-02   1.459837e-05   3.839103e-07   2.929218e-02   7.703303e-04
   4.638633e-01   2.407373e+00   9.000000e+01   1.816671e-05   3.759808e-02   1.770389e-05   4.548237e-07   3.664021e-02   9.413094e-04
   4.592505e-01   2.402761e+00   9.000000e+01   2.176707e-05   4.651909e-02   2.264337e-05   5.844240e-07   4.839187e-02   1.248991e-03
   4.546377e-01   2.398148e+00   9.000000e+01   2.650389e-05   5.852166e-02   2.611568e-05   6.125448e-07   5.766448e-02   1.352524e-03
   4.500249e-01   2.393535e+00   9.000000e+01   3.282427e-05   7.492343e-02   3.429517e-05   9.230965e-07   7.828086e-02   2.107025e-03
   4.454121e-01   2.388922e+00   9.000000e+01   4.132699e-05   9.757045e-02   4.180221e-05   1.083263e-06   9.869242e-02   2.557516e-03
   4.435670e-01   2.387077e+00   9.000000e+01   4.548522e-05   1.088654e-01   4.375844e-05   1.119942e-06   1.047325e-01   2.680498e-03
   4.417219e-01   2.385232e+00   9.000000e+01   5.013614e-05   1.216597e-01   4.842894e-05   1.222644e-06   1.175171e-01   2.966854e-03
   4.398767e-01   2.383387e+00   9.000000e+01   5.529736e-05   1.360561e-01   5.203574e-05   1.357135e-06   1.280310e-01   3.339156e-03
   4.380316e-01   2.381542e+00   9.000000e+01   6.095761e-05   1.520901e-01   5.902927e-05   1.516079e-06   1.472788e-01   3.782637e-03
   4.361865e-01   2.379697e+00   9.000000e+01   6.705733e-05   1.696761e-01   6.481238e-05   1.479400e-06   1.639957e-01   3.743346e-03
   4.343414e-01   2.377851e+00   9.000000e+01   7.346332e-05   1.885339e-01   6.717208e-05   1.662796e-06   1.723882e-01   4.267347e-03
   4.324963e-01   2.376006e+00   9.000000e+01   7.994620e-05   2.081154e-01   7.491142e-05   1.882872e-06   1.950089e-01   4.901481e-03
   4.306511e-01   2.374161e+00   9.000000e+01   8.615436e-05   2.275176e-01   8.190495e-05   2.066269e-06   2.162957e-01   5.456630e-03
   4.288060e-01   2.372316e+00   9.000000e+01   9.163098e-05   2.455022e-01   8.734571e-05   2.090722e-06   2.340209e-01   5.601565e-03
   4.269609e-01   2.370471e+00   9.000000e+01   9.585499e-05   2.605841e-01   9.316550e-05   2.323024e-06   2.532727e-01   6.315198e-03
   4.251158e-01   2.368626e+00   9.000000e+01   9.831673e-05   2.712226e-01   9.320218e-05   2.237439e-06   2.571133e-01   6.172338e-03
   4.232707e-01   2.366781e+00   9.000000e+01   9.866683e-05   2.762362e-01   9.526845e-05   2.310798e-06   2.667218e-01   6.469510e-03
   4.214255e-01   2.364936e+00   9.000000e+01   9.679551e-05   2.750564e-01   9.551298e-05   2.005137e-06   2.714120e-01   5.697844e-03
   4.195804e-01   2.363090e+00   9.000000e+01   9.288898e-05   2.679382e-01   9.404580e-05   2.176307e-06   2.712751e-01   6.277556e-03
   4.177353e-01   2.361245e+00   9.000000e+01   8.737154e-05   2.558536e-01   9.190618e-05   2.005137e-06   2.691326e-01   5.871723e-03
   4.158902e-01   2.359400e+00   9.000000e+01   8.079093e-05   2.402056e-01   8.664881e-05   1.980684e-06   2.576221e-01   5.888920e-03
   4.140451e-01   2.357555e+00   9.000000e+01   7.369014e-05   2.224729e-01   8.147702e-05   1.944005e-06   2.459818e-01   5.869013e-03
   4.121999e-01   2.355710e+00   9.000000e+01   6.652830e-05   2.039719e-01   7.657422e-05   1.944005e-06   2.347721e-01   5.960206e-03
   4.103548e-01   2.353865e+00   9.000000e+01   5.963707e-05   1.857060e-01   6.823578e-05   1.748381e-06   2.124818e-01   5.444347e-03
   4.085097e-01   2.352020e+00   9.000000e+01   5.321964e-05   1.683361e-01   6.393207e-05   1.626117e-06   2.022200e-01   5.143481e-03
   4.038969e-01   2.347407e+00   9.000000e+01   3.976119e-05   1.308510e-01   4.489550e-05   1.067369e-06   1.477476e-01   3.512626e-03
   3.992841e-01   2.342794e+00   9.000000e+01   2.985338e-05   1.022938e-01   3.451525e-05   8.081679e-07   1.182679e-01   2.769219e-03
   3.946713e-01   2.338181e+00   9.000000e+01   2.272863e-05   8.115271e-02   2.461183e-05   5.526352e-07   8.787667e-02   1.973187e-03
   3.900585e-01   2.333568e+00   9.000000e+01   1.759464e-05   6.551340e-02   1.990465e-05   4.890577e-07   7.411468e-02   1.821000e-03
   3.854457e-01   2.328956e+00   9.000000e+01   1.384701e-05   5.381240e-02   1.454947e-05   3.704612e-07   5.654232e-02   1.439691e-03
   3.808329e-01   2.324343e+00   9.000000e+01   1.106500e-05   4.491822e-02   1.229980e-05   2.934346e-07   4.993089e-02   1.191194e-03
   3.762201e-01   2.319730e+00   9.000000e+01   8.964262e-06   3.804608e-02   9.666226e-06   2.420836e-07   4.102535e-02   1.027450e-03
   3.716073e-01   2.315117e+00   9.000000e+01   7.349366e-06   3.264082e-02   7.943520e-06   1.956231e-07   3.527964e-02   8.688229e-04
   3.669945e-01   2.310504e+00   9.000000e+01   6.090059e-06   2.833040e-02   6.495909e-06   1.675023e-07   3.021839e-02   7.792055e-04
   3.623817e-01   2.305892e+00   9.000000e+01   5.093342e-06   2.484116e-02   5.344178e-06   1.145618e-07   2.606454e-02   5.587387e-04
   3.577689e-01   2.301279e+00   9.000000e+01   4.294362e-06   2.198046e-02   4.463875e-06   1.137059e-07   2.284811e-02   5.819978e-04
   3.532483e-01   2.296758e+00   9.000000e+01   3.658123e-06   1.965074e-02   3.815873e-06   1.014795e-07   2.049814e-02   5.451285e-04
   3.486355e-01   2.292146e+00   9.000000e+01   3.125218e-06   1.765501e-02   3.176430e-06   8.595190e-08   1.794431e-02   4.855601e-04
   3.440227e-01   2.287533e+00   9.000000e+01   2.684477e-06   1.596581e-02   2.757063e-06   7.079111e-08   1.639751e-02   4.210270e-04
   3.394099e-01   2.282920e+00   9.000000e+01   2.316958e-06   1.452401e-02   2.422058e-06   5.514126e-08   1.518284e-02   3.456567e-04
   3.347971e-01   2.278307e+00   9.000000e+01   2.008081e-06   1.328304e-02   2.106616e-06   4.915030e-08   1.393483e-02   3.251191e-04
   3.301843e-01   2.273694e+00   9.000000e+01   1.746822e-06   1.220793e-02   1.811959e-06   4.254802e-08   1.266315e-02   2.973533e-04
   3.255715e-01   2.269082e+00   9.000000e+01   1.524417e-06   1.126997e-02   1.496517e-06   3.496763e-08   1.106371e-02   2.585147e-04


   2.717494e-01   2.215259e+00   0.000000e+00   3.515322e-07   5.600401e-03   3.799456e-07   1.349807e-08   6.053066e-03   2.150431e-04
   3.184669e-01   2.261977e+00   0.000000e+00   1.242391e-06   1.004194e-02   1.102182e-06   2.718181e-08   8.908672e-03   2.197040e-04
   3.646982e-01   2.308208e+00   0.000000e+00   5.565697e-06   2.650461e-02   5.125516e-06   4.138817e-08   2.440841e-02   1.970962e-04
   4.106380e-01   2.354148e+00   0.000000e+00   6.066799e-05   1.884649e-01   5.759595e-05   3.024367e-07   1.789217e-01   9.395187e-04
   4.275200e-01   2.371030e+00   0.000000e+00   9.474074e-05   2.564190e-01   9.465335e-05   2.948488e-07   2.561825e-01   7.980182e-04
   4.285348e-01   2.372045e+00   0.000000e+00   9.234291e-05   2.479379e-01   9.223809e-05   5.436072e-07   2.476565e-01   1.459569e-03
   4.278613e-01   2.371371e+00   0.000000e+00   9.398622e-05   2.536925e-01   9.560811e-05   4.237063e-07   2.580704e-01   1.143690e-03
   4.268151e-01   2.370325e+00   0.000000e+00   9.611932e-05   2.616045e-01   9.054923e-05   6.778729e-07   2.464445e-01   1.844942e-03
   4.280329e-01   2.371543e+00   0.000000e+00   9.358693e-05   2.522731e-01   9.594086e-05   8.169310e-07   2.586184e-01   2.202121e-03
   4.565843e-01   2.400094e+00   0.000000e+00   2.434123e-05   5.300763e-02   2.499542e-05   1.225694e-07   5.443226e-02   2.669182e-04
   5.035786e-01   2.447089e+00   0.000000e+00   6.063558e-06   9.714669e-03   5.961886e-06   6.985490e-08   9.551776e-03   1.119173e-04
   5.404128e-01   2.483923e+00   0.000000e+00   3.251916e-06   4.226912e-03   3.377156e-06   2.217682e-08   4.389702e-03   2.882592e-05
   5.959906e-01   2.539501e+00   0.000000e+00   1.719797e-06   1.699676e-03   1.854624e-06   1.754929e-08   1.832926e-03   1.734397e-05
   6.430808e-01   2.586591e+00   0.000000e+00   1.161281e-06   9.391408e-04   1.224355e-06   3.743654e-08   9.901489e-04   3.027533e-05
   6.888693e-01   2.632379e+00   0.000000e+00   8.564966e-07   5.829183e-04   9.111365e-07   1.525392e-08   6.201054e-04   1.038158e-05
   7.355518e-01   2.679062e+00   0.000000e+00   6.650721e-07   3.869344e-04   7.219586e-07   2.235510e-08   4.200306e-04   1.300604e-05
   7.813412e-01   2.724851e+00   0.000000e+00   5.438966e-07   2.756191e-04   6.324374e-07   1.551678e-08   3.204870e-04   7.863112e-06
   8.275504e-01   2.771060e+00   0.000000e+00   4.635787e-07   2.071261e-04   5.136804e-07   2.152142e-08   2.295115e-04   9.615729e-06
   8.273539e-01   2.770864e+00   0.000000e+00   4.638436e-07   2.073501e-04   5.499023e-07   1.626707e-08   2.458205e-04   7.271801e-06
   9.199891e-01   2.863499e+00   0.000000e+00   3.815293e-07   1.370015e-04   4.208887e-07   1.456401e-08   1.511349e-04   5.229723e-06
   9.203508e-01   2.863861e+00   0.000000e+00   3.813680e-07   1.368369e-04   4.667162e-07   1.786594e-08   1.674603e-04   6.410398e-06
   1.012688e+00   2.956198e+00   0.000000e+00   3.667199e-07   1.095906e-04   4.173442e-07   1.947551e-08   1.247192e-04   5.820062e-06
   1.011701e+00   2.955211e+00   0.000000e+00   3.666041e-07   1.097532e-04   4.420587e-07   1.250411e-08   1.323427e-04   3.743456e-06
   1.104148e+00   3.047658e+00   0.000000e+00   4.016065e-07   1.028686e-04   4.437595e-07   1.795323e-08   1.136658e-04   4.598591e-06
   1.196578e+00   3.140088e+00   0.000000e+00   4.914065e-07   1.100628e-04   5.545966e-07   1.743920e-08   1.242158e-04   3.905946e-06
   1.289557e+00   3.233067e+00   0.000000e+00   6.796280e-07   1.353698e-04   7.968009e-07   3.568219e-08   1.587086e-04   7.107257e-06
   1.382109e+00   3.325619e+00   0.000000e+00   1.163436e-06   2.091890e-04   1.567026e-06   5.490284e-08   2.817555e-04   9.871681e-06
   1.474347e+00   3.417857e+00   0.000000e+00   3.554228e-06   5.839757e-04   4.155415e-06   8.769464e-08   6.827535e-04   1.440863e-05
   1.520092e+00   3.463602e+00   0.000000e+00   1.127193e-05   1.777794e-03   1.242722e-05   9.990579e-08   1.960005e-03   1.575701e-05
   1.566660e+00   3.510170e+00   0.000000e+00   3.515001e-05   5.329975e-03   3.558900e-05   4.224155e-07   5.396541e-03   6.405300e-05
   1.612295e+00   3.555805e+00   0.000000e+00   8.463739e-06   1.237445e-03   7.261030e-06   7.927715e-08   1.061603e-03   1.159076e-05
   1.658513e+00   3.602023e+00   0.000000e+00   3.256993e-06   4.598190e-04   2.984853e-06   9.703980e-08   4.213985e-04   1.369998e-05
   1.704702e+00   3.648212e+00   0.000000e+00   1.951815e-06   2.665700e-04   1.846266e-06   4.071437e-08   2.521546e-04   5.560584e-06
   1.750987e+00   3.694497e+00   0.000000e+00   1.471436e-06   1.947237e-04   1.535040e-06   3.996198e-08   2.031408e-04   5.288402e-06


   9.752385e-01   2.918748e+00   0.000000e+00   3.086778e-08   9.898201e-06   3.284950e-08   1.847942e-09   1.053367e-05   5.925693e-07
   1.107248e+00   3.050758e+00   0.000000e+00   3.786919e-08   9.653223e-06   3.787831e-08   2.058248e-09   9.655546e-06   5.246674e-07
   1.147803e+00   3.091313e+00   0.000000e+00   4.221064e-08   1.012336e-05   4.151233e-08   2.207569e-09   9.955881e-06   5.294400e-07
   1.198498e+00   3.142008e+00   0.000000e+00   4.955022e-08   1.106932e-05   4.718957e-08   2.556128e-09   1.054196e-05   5.710285e-07
   1.244977e+00   3.188487e+00   0.000000e+00   5.884063e-08   1.237349e-05   5.872958e-08   2.832600e-09   1.235014e-05   5.956625e-07
   1.281925e+00   3.225435e+00   0.000000e+00   6.878762e-08   1.382574e-05   6.312933e-08   2.906898e-09   1.268847e-05   5.842624e-07
   1.318625e+00   3.262135e+00   0.000000e+00   8.214674e-08   1.582202e-05   8.077316e-08   4.523364e-09   1.555746e-05   8.712307e-07
   1.357031e+00   3.300541e+00   0.000000e+00   1.021861e-07   1.886609e-05   1.176107e-07   6.001369e-09   2.171385e-05   1.108002e-06
   1.392383e+00   3.335893e+00   0.000000e+00   1.304176e-07   2.320246e-05   1.294043e-07   6.795663e-09   2.302219e-05   1.209009e-06
   1.430356e+00   3.373866e+00   0.000000e+00   1.821913e-07   3.120773e-05   1.937808e-07   9.608596e-09   3.319291e-05   1.645866e-06
   1.466640e+00   3.410150e+00   0.000000e+00   2.822398e-07   4.670496e-05   2.787070e-07   1.085203e-08   4.612036e-05   1.795791e-06
   1.484815e+00   3.428325e+00   0.000000e+00   3.773302e-07   6.140665e-05   3.694157e-07   1.394495e-08   6.011863e-05   2.269398e-06
   1.494216e+00   3.437726e+00   0.000000e+00   4.504004e-07   7.267862e-05   4.245553e-07   1.481125e-08   6.850813e-05   2.390009e-06
   1.504345e+00   3.447855e+00   0.000000e+00   5.591262e-07   8.941170e-05   5.388841e-07   1.951958e-08   8.617472e-05   3.121439e-06
   1.512842e+00   3.456352e+00   0.000000e+00   6.862324e-07   1.089188e-04   6.447200e-07   2.199340e-08   1.023299e-04   3.490793e-06
   1.512980e+00   3.456490e+00   0.000000e+00   6.886561e-07   1.092902e-04   6.041123e-07   2.009717e-08   9.587306e-05   3.189436e-06
   1.522058e+00   3.465568e+00   0.000000e+00   8.795614e-07   1.384866e-04   8.175928e-07   1.994697e-08   1.287297e-04   3.140643e-06
   1.532004e+00   3.475514e+00   0.000000e+00   1.180384e-06   1.842653e-04   1.071962e-06   2.921160e-08   1.673399e-04   4.560112e-06
   1.541137e+00   3.484647e+00   0.000000e+00   1.552525e-06   2.404811e-04   1.416529e-06   3.879165e-08   2.194158e-04   6.008700e-06
   1.549163e+00   3.492673e+00   0.000000e+00   1.899221e-06   2.921999e-04   1.667950e-06   3.646416e-08   2.566184e-04   5.610104e-06
   1.558767e+00   3.502277e+00   0.000000e+00   2.096047e-06   3.199103e-04   1.986355e-06   4.397729e-08   3.031686e-04   6.712058e-06
   1.568269e+00   3.511779e+00   0.000000e+00   1.825856e-06   2.764985e-04   1.849248e-06   4.270851e-08   2.800409e-04   6.467562e-06
   1.577366e+00   3.520876e+00   0.000000e+00   1.329916e-06   1.999082e-04   1.477217e-06   4.284258e-08   2.220501e-04   6.439946e-06
   1.587339e+00   3.530849e+00   0.000000e+00   8.590558e-07   1.280968e-04   1.000273e-06   2.755351e-08   1.491543e-04   4.108600e-06
   1.596500e+00   3.540010e+00   0.000000e+00   5.702996e-07   8.442107e-05   7.231039e-07   1.063380e-08   1.070406e-04   1.574114e-06
   1.605384e+00   3.548894e+00   0.000000e+00   3.911126e-07   5.749220e-05   5.056997e-07   1.790311e-08   7.433610e-05   2.631695e-06
   1.628586e+00   3.572096e+00   0.000000e+00   1.656166e-07   2.391213e-05   1.794199e-07   6.770832e-09   2.590509e-05   9.775896e-07
   1.650064e+00   3.593574e+00   0.000000e+00   8.656888e-08   1.229841e-05   8.694862e-08   3.260716e-09   1.235236e-05   4.632338e-07
   1.673441e+00   3.616951e+00   0.000000e+00   4.910930e-08   6.858001e-06   4.403634e-08   2.656062e-09   6.149573e-06   3.709129e-07
   1.694180e+00   3.637690e+00   0.000000e+00   3.348585e-08   4.607312e-06   2.799671e-08   2.006539e-09   3.852062e-06   2.760793e-07
   1.719053e+00   3.662563e+00   0.000000e+00   2.463124e-08   3.330711e-06   1.856831e-08   1.386686e-09   2.510864e-06   1.875119e-07
   1.743667e+00   3.687177e+00   0.000000e+00   2.112682e-08   2.809513e-06   1.380191e-08   1.375150e-09   1.835422e-06   1.828720e-07
   1.763179e+00   3.706689e+00   0.000000e+00   2.031859e-08   2.667344e-06   1.672016e-08   1.578100e-09   2.194957e-06   2.071667e-07
   1.787036e+00   3.730546e+00   0.000000e+00   2.067475e-08   2.672549e-06   2.047890e-08   1.673678e-09   2.647232e-06   2.163502e-07
   1.815174e+00   3.758684e+00   0.000000e+00   2.220452e-08   2.819967e-06   1.852314e-08   1.443915e-09   2.352433e-06   1.833768e-07
   1.837537e+00   3.781047e+00   0.000000e+00   2.391878e-08   2.996395e-06   2.396869e-08   1.959524e-09   3.002647e-06   2.454769e-07
   1.861893e+00   3.805403e+00   0.000000e+00   2.608436e-08   3.220522e-06   2.631942e-08   2.103633e-09   3.249543e-06   2.597264e-07
   1.878942e+00   3.822452e+00   0.000000e+00   2.771999e-08   3.388556e-06   2.780149e-08   1.697121e-09   3.398518e-06   2.074600e-07
   1.907486e+00   3.850996e+00   0.000000e+00   3.060023e-08   3.680237e-06   3.407859e-08   2.072479e-09   4.098573e-06   2.492534e-07
   1.931352e+00   3.874862e+00   0.000000e+00   3.309557e-08   3.927957e-06   3.024321e-08   2.185465e-09   3.589424e-06   2.593826e-07
   1.955523e+00   3.899033e+00   0.000000e+00   3.567140e-08   4.178599e-06   3.739300e-08   2.582765e-09   4.380269e-06   3.025488e-07
   1.976982e+00   3.920492e+00   0.000000e+00   3.799307e-08   4.400296e-06   4.677735e-08   2.851025e-09   5.417676e-06   3.302011e-07
   1.998072e+00   3.941582e+00   0.000000e+00   4.027418e-08   4.613795e-06   4.053235e-08   3.088389e-09   4.643372e-06   3.538047e-07
   2.045288e+00   3.988798e+00   0.000000e+00   4.542932e-08   5.082715e-06   5.599955e-08   3.267218e-09   6.265331e-06   3.655423e-07
   2.088630e+00   4.032140e+00   0.000000e+00   5.018275e-08   5.499123e-06   4.567749e-08   2.915949e-09   5.005429e-06   3.195353e-07
   2.138227e+00   4.081737e+00   0.000000e+00   5.563514e-08   5.959597e-06   6.059952e-08   3.787218e-09   6.491378e-06   4.056841e-07
   2.182879e+00   4.126389e+00   0.000000e+00   6.055709e-08   6.361118e-06   5.718443e-08   4.008092e-09   6.006842e-06   4.210233e-07
   2.239506e+00   4.183016e+00   0.000000e+00   6.682202e-08   6.854963e-06   6.978380e-08   4.495743e-09   7.158799e-06   4.611975e-07
   2.284167e+00   4.227677e+00   0.000000e+00   7.178797e-08   7.234275e-06   8.220425e-08   5.024809e-09   8.283952e-06   5.063641e-07
   2.342777e+00   4.286287e+00   0.000000e+00   7.835186e-08   7.721353e-06   8.362921e-08   5.128648e-09   8.241421e-06   5.054137e-07


   9.751185e-01   2.918629e+00   5.500000e+01   2.882565e-08   9.245521e-06   2.004497e-08   1.055113e-09   6.429210e-06   3.384163e-07
   1.107008e+00   3.050518e+00   5.500000e+01   3.418355e-08   8.716965e-06   3.024074e-08   1.330012e-09   7.711530e-06   3.391592e-07
   1.144279e+00   3.087789e+00   5.500000e+01   3.747008e-08   9.032784e-06   3.454951e-08   1.368636e-09   8.328730e-06   3.299323e-07
   1.181191e+00   3.124701e+00   5.500000e+01   4.171547e-08   9.541755e-06   3.585058e-08   1.530696e-09   8.200254e-06   3.501225e-07
   1.199116e+00   3.142626e+00   5.500000e+01   4.420528e-08   9.867067e-06   4.077415e-08   1.520135e-09   9.101203e-06   3.393095e-07
   1.219062e+00   3.162572e+00   5.500000e+01   4.737832e-08   1.029941e-05   4.617603e-08   1.783372e-09   1.003805e-05   3.876811e-07
   1.246111e+00   3.189621e+00   5.500000e+01   5.250427e-08   1.102531e-05   4.556104e-08   1.825270e-09   9.567308e-06   3.832863e-07
   1.264655e+00   3.208165e+00   5.500000e+01   5.669139e-08   1.163439e-05   4.998036e-08   2.178592e-09   1.025713e-05   4.470977e-07
   1.282949e+00   3.226459e+00   5.500000e+01   6.150797e-08   1.234753e-05   6.193677e-08   2.761014e-09   1.243361e-05   5.542649e-07
   1.302019e+00   3.245529e+00   5.500000e+01   6.744625e-08   1.323991e-05   6.192847e-08   2.456625e-09   1.215675e-05   4.822433e-07
   1.320313e+00   3.263823e+00   5.500000e+01   7.426495e-08   1.427667e-05   7.145141e-08   2.674261e-09   1.373579e-05   5.140989e-07
   1.356643e+00   3.300153e+00   5.500000e+01   9.258303e-08   1.710024e-05   8.238551e-08   2.733661e-09   1.521674e-05   5.049116e-07
   1.376119e+00   3.319629e+00   5.500000e+01   1.063666e-07   1.924472e-05   1.007440e-07   3.311391e-09   1.822745e-05   5.991244e-07
   1.394118e+00   3.337628e+00   5.500000e+01   1.229789e-07   2.184028e-05   1.174977e-07   4.161874e-09   2.086686e-05   7.391228e-07
   1.410899e+00   3.354409e+00   5.500000e+01   1.433781e-07   2.503515e-05   1.433922e-07   4.939765e-09   2.503763e-05   8.625291e-07
   1.430485e+00   3.373995e+00   5.500000e+01   1.764111e-07   3.021383e-05   1.651894e-07   5.729430e-09   2.829189e-05   9.812763e-07
   1.448300e+00   3.391810e+00   5.500000e+01   2.204075e-07   3.710739e-05   2.135537e-07   7.351786e-09   3.595351e-05   1.237733e-06
   1.458005e+00   3.401515e+00   5.500000e+01   2.531681e-07   4.223361e-05   2.352109e-07   8.205078e-09   3.923797e-05   1.368774e-06
   1.466640e+00   3.410150e+00   5.500000e+01   2.899542e-07   4.798154e-05   2.702118e-07   9.303992e-09   4.471458e-05   1.539622e-06
   1.476678e+00   3.420188e+00   5.500000e+01   3.453556e-07   5.662211e-05   3.523577e-07   1.162821e-08   5.777014e-05   1.906480e-06
   1.485230e+00   3.428740e+00   5.500000e+01   4.076976e-07   6.632362e-05   4.090065e-07   1.326747e-08   6.653656e-05   2.158331e-06
   1.495184e+00   3.438694e+00   5.500000e+01   5.061523e-07   8.160406e-05   4.936350e-07   1.619110e-08   7.958597e-05   2.610399e-06
   1.504345e+00   3.447855e+00   5.500000e+01   6.336804e-07   1.013339e-04   5.769005e-07   1.830467e-08   9.225404e-05   2.927159e-06
   1.512704e+00   3.456214e+00   5.500000e+01   7.971139e-07   1.265333e-04   7.242885e-07   2.163562e-08   1.149730e-04   3.434422e-06
   1.522760e+00   3.466270e+00   5.500000e+01   1.085889e-06   1.708690e-04   9.582091e-07   2.961689e-08   1.507781e-04   4.660337e-06
   1.531856e+00   3.475366e+00   5.500000e+01   1.476535e-06   2.305254e-04   1.300373e-06   3.384458e-08   2.030219e-04   5.284017e-06
   1.540851e+00   3.484361e+00   5.500000e+01   2.015515e-06   3.122723e-04   1.729514e-06   4.352230e-08   2.679609e-04   6.743095e-06
   1.549025e+00   3.492535e+00   5.500000e+01   2.581402e-06   3.972015e-04   2.321032e-06   4.950773e-08   3.571382e-04   7.617776e-06
   1.559339e+00   3.502849e+00   5.500000e+01   3.017229e-06   4.602880e-04   2.909752e-06   5.474113e-08   4.438922e-04   8.350937e-06
   1.569543e+00   3.513053e+00   5.500000e+01   2.698758e-06   4.082605e-04   2.821189e-06   5.034682e-08   4.267815e-04   7.616325e-06
   1.577652e+00   3.521162e+00   5.500000e+01   2.121596e-06   3.188370e-04   2.421528e-06   4.679560e-08   3.639113e-04   7.032520e-06
   1.588197e+00   3.531707e+00   5.500000e+01   1.435535e-06   2.139106e-04   1.656418e-06   3.145253e-08   2.468247e-04   4.686777e-06
   1.596500e+00   3.540010e+00   5.500000e+01   1.053981e-06   1.560202e-04   1.217696e-06   2.743568e-08   1.802547e-04   4.061286e-06
   1.605098e+00   3.548608e+00   5.500000e+01   7.826155e-07   1.150676e-04   9.463142e-07   1.500842e-08   1.391361e-04   2.206680e-06
   1.627286e+00   3.570796e+00   5.500000e+01   4.132669e-07   5.972778e-05   4.726962e-07   1.176385e-08   6.831686e-05   1.700182e-06
   1.649196e+00   3.592706e+00   5.500000e+01   2.577139e-07   3.663578e-05   2.915126e-07   9.466127e-09   4.144049e-05   1.345674e-06
   1.673737e+00   3.617247e+00   5.500000e+01   1.742918e-07   2.433424e-05   1.830467e-07   6.416649e-09   2.555658e-05   8.958787e-07
   1.696395e+00   3.639905e+00   5.500000e+01   1.336361e-07   1.835822e-05   1.411336e-07   4.470088e-09   1.938819e-05   6.140771e-07
   1.719505e+00   3.663015e+00   5.500000e+01   1.094029e-07   1.478919e-05   1.116071e-07   4.062357e-09   1.508716e-05   5.491535e-07
   1.743519e+00   3.687029e+00   5.500000e+01   9.412786e-08   1.251866e-05   9.505030e-08   3.319264e-09   1.264135e-05   4.414502e-07
   1.743519e+00   3.687029e+00   5.500000e+01   9.412786e-08   1.251866e-05   1.011284e-07   3.700164e-09   1.344971e-05   4.921084e-07
   1.767542e+00   3.711052e+00   5.500000e+01   8.465207e-08   1.108114e-05   8.788788e-08   3.226792e-09   1.150471e-05   4.223941e-07
   1.787036e+00   3.730546e+00   5.500000e+01   7.962558e-08   1.029291e-05   8.218764e-08   2.989266e-09   1.062409e-05   3.864115e-07
   1.815331e+00   3.758841e+00   5.500000e+01   7.505300e-08   9.530781e-06   8.202587e-08   3.288543e-09   1.041625e-05   4.176033e-07
   1.837537e+00   3.781047e+00   5.500000e+01   7.299174e-08   9.143945e-06   7.178568e-08   3.092309e-09   8.992858e-06   3.873850e-07
   1.862050e+00   3.805560e+00   5.500000e+01   7.177521e-08   8.860952e-06   7.100407e-08   2.989612e-09   8.765752e-06   3.690802e-07
   1.879098e+00   3.822608e+00   5.500000e+01   7.141293e-08   8.728890e-06   6.479016e-08   2.902578e-09   7.919380e-06   3.547857e-07
   1.907486e+00   3.850996e+00   5.500000e+01   7.145946e-08   8.594306e-06   7.891751e-08   3.161328e-09   9.491273e-06   3.802074e-07
   1.931509e+00   3.875019e+00   5.500000e+01   7.197938e-08   8.542160e-06   7.425311e-08   3.134776e-09   8.811995e-06   3.720199e-07
   1.954573e+00   3.898083e+00   5.500000e+01   7.278916e-08   8.530965e-06   7.375194e-08   3.184007e-09   8.643804e-06   3.731690e-07
   1.955680e+00   3.899190e+00   5.500000e+01   7.283375e-08   8.531134e-06   6.932721e-08   3.026080e-09   8.120407e-06   3.544496e-07
   1.977139e+00   3.920649e+00   5.500000e+01   7.380669e-08   8.547470e-06   7.599919e-08   3.259398e-09   8.801381e-06   3.774672e-07
   1.998718e+00   3.942228e+00   5.500000e+01   7.496173e-08   8.584746e-06   7.795864e-08   3.393321e-09   8.927958e-06   3.886090e-07
   2.023627e+00   3.967137e+00   5.500000e+01   7.645536e-08   8.646109e-06   7.539969e-08   3.729197e-09   8.526726e-06   4.217237e-07
   2.047881e+00   3.991391e+00   5.500000e+01   7.805181e-08   8.721520e-06   7.940198e-08   3.844414e-09   8.872389e-06   4.295754e-07
   2.068860e+00   4.012370e+00   5.500000e+01   7.952350e-08   8.796345e-06   8.817018e-08   3.857018e-09   9.752781e-06   4.266369e-07
   2.088630e+00   4.032140e+00   5.500000e+01   8.097893e-08   8.873829e-06   9.264408e-08   3.937139e-09   1.015212e-05   4.314393e-07
   2.110311e+00   4.053821e+00   5.500000e+01   8.263697e-08   8.964805e-06   9.355108e-08   4.005644e-09   1.014881e-05   4.345491e-07
   2.137729e+00   4.081239e+00   5.500000e+01   8.481681e-08   9.087544e-06   8.454199e-08   3.868857e-09   9.058099e-06   4.145217e-07
   2.158828e+00   4.102338e+00   5.500000e+01   8.654515e-08   9.186391e-06   8.919343e-08   3.897022e-09   9.467494e-06   4.136519e-07
   2.181034e+00   4.124544e+00   5.500000e+01   8.840620e-08   9.293844e-06   8.924520e-08   3.840458e-09   9.382046e-06   4.037344e-07
   2.212789e+00   4.156299e+00   5.500000e+01   9.113564e-08   9.452757e-06   9.930169e-08   4.474174e-09   1.029975e-05   4.640696e-07
   2.237135e+00   4.180645e+00   5.500000e+01   9.327339e-08   9.577742e-06   1.001982e-07   4.525439e-09   1.028882e-05   4.646929e-07
   2.260411e+00   4.203921e+00   5.500000e+01   9.532433e-08   9.696749e-06   9.619875e-08   4.691296e-09   9.785698e-06   4.772162e-07
   2.260752e+00   4.204262e+00   5.500000e+01   9.535516e-08   9.698562e-06   1.012422e-07   4.882949e-09   1.029733e-05   4.966442e-07
   2.284167e+00   4.227677e+00   5.500000e+01   9.749563e-08   9.824907e-06   1.119906e-07   5.219104e-09   1.128560e-05   5.259437e-07
   2.284850e+00   4.228360e+00   5.500000e+01   9.755726e-08   9.828494e-06   1.080871e-07   4.797959e-09   1.088934e-05   4.833746e-07
   2.284850e+00   4.228360e+00   5.500000e+01   9.755726e-08   9.828494e-06   9.677810e-08   4.826021e-09   9.749997e-06   4.862018e-07
   2.313551e+00   4.257061e+00   5.500000e+01   1.001906e-07   9.982617e-06   1.250573e-07   5.633459e-09   1.246023e-05   5.612965e-07
   2.314409e+00   4.257919e+00   5.500000e+01   1.002702e-07   9.987283e-06   1.042444e-07   4.728791e-09   1.038312e-05   4.710049e-07
   2.316309e+00   4.259819e+00   5.500000e+01   1.004466e-07   9.997625e-06   1.074649e-07   5.066355e-09   1.069616e-05   5.042629e-07
   2.337233e+00   4.280743e+00   5.500000e+01   1.023982e-07   1.011190e-05   1.099297e-07   5.168493e-09   1.085563e-05   5.103922e-07
   2.338958e+00   4.282468e+00   5.500000e+01   1.025599e-07   1.012135e-05   9.369848e-08   5.946216e-09   9.246842e-06   5.868155e-07


   3.266168e-01   2.270127e+00   9.000000e+01   1.571793e-06   1.147177e-02   2.311851e-06   2.774222e-07   1.687311e-02   2.024773e-03
   3.597985e-01   2.303309e+00   9.000000e+01   4.624915e-06   2.317189e-02   6.010813e-06   7.397924e-07   3.011556e-02   3.706530e-03
   4.243620e-01   2.367872e+00   9.000000e+01   9.872662e-05   2.739972e-01   1.146678e-04   1.109689e-05   3.182390e-01   3.079732e-02
   4.271611e-01   2.370671e+00   9.000000e+01   9.547399e-05   2.591376e-01   1.072699e-04   1.109689e-05   2.911543e-01   3.011941e-02
   5.212078e-01   2.464718e+00   9.000000e+01   4.369283e-06   6.314059e-03   4.623703e-06   4.623703e-07   6.681721e-03   6.681721e-04
   6.919128e-01   2.635423e+00   9.000000e+01   8.411152e-07   5.663153e-04   9.247405e-07   9.247405e-08   6.226195e-04   6.226195e-05
   9.788522e-01   2.922362e+00   9.000000e+01   3.658569e-07   1.164979e-04   2.496799e-07   2.774222e-08   7.950430e-05   8.833811e-06


   7.841762e-02   2.021928e+00   5.500000e+01   3.247155e-11   1.914264e-03   4.701527e-11   1.329861e-11   2.771645e-03   7.839797e-04
   8.303043e-02   2.026540e+00   5.500000e+01   5.532510e-11   1.941617e-03   6.985126e-11   1.208964e-11   2.451408e-03   4.242822e-04
   8.487555e-02   2.028386e+00   5.500000e+01   6.763385e-11   1.952876e-03   9.268725e-11   1.611952e-11   2.676274e-03   4.654390e-04
   8.764323e-02   2.031153e+00   5.500000e+01   9.032639e-11   1.970012e-03   9.268725e-11   1.611952e-11   2.021502e-03   3.515656e-04
   8.856579e-02   2.032076e+00   5.500000e+01   9.917597e-11   1.975900e-03   9.671713e-11   9.671713e-12   1.926912e-03   1.926912e-04
   9.225603e-02   2.035766e+00   5.500000e+01   1.420970e-10   1.999520e-03   1.477623e-10   3.492563e-11   2.079239e-03   4.914565e-04
   1.014816e-01   2.044992e+00   5.500000e+01   3.201670e-10   2.061951e-03   3.089575e-10   6.313480e-11   1.989759e-03   4.066030e-04
   1.014816e-01   2.044992e+00   5.500000e+01   3.201670e-10   2.061951e-03   3.492563e-10   6.716468e-11   2.249293e-03   4.325563e-04
   1.107072e-01   2.054217e+00   5.500000e+01   6.512522e-10   2.129433e-03   5.641833e-10   5.910492e-11   1.844739e-03   1.932584e-04
   1.107072e-01   2.054217e+00   5.500000e+01   6.512522e-10   2.129433e-03   8.462749e-10   9.671713e-11   2.767108e-03   3.162410e-04
   1.199328e-01   2.063443e+00   5.500000e+01   1.220998e-09   2.202533e-03   1.061202e-09   1.276129e-10   1.914280e-03   2.301982e-04


   1.180877e-01   2.061598e+00   5.500000e+01   1.082936e-09   2.187419e-03   1.178945e-09   2.357890e-10   2.381347e-03   4.762693e-04
   1.227005e-01   2.066211e+00   5.500000e+01   1.454606e-09   2.225629e-03   2.004206e-09   2.357890e-10   3.066548e-03   3.607704e-04
   1.300810e-01   2.073591e+00   5.500000e+01   2.259566e-09   2.290126e-03   2.122101e-09   2.357890e-10   2.150802e-03   2.389780e-04
   1.356164e-01   2.079126e+00   5.500000e+01   3.073915e-09   2.341607e-03   2.947362e-09   2.357890e-10   2.245203e-03   1.796163e-04
   1.429968e-01   2.086507e+00   5.500000e+01   4.513120e-09   2.414488e-03   4.479991e-09   3.536835e-10   2.396764e-03   1.892182e-04
   1.485322e-01   2.092042e+00   5.500000e+01   5.915566e-09   2.472846e-03   5.894725e-09   3.536835e-10   2.464134e-03   1.478480e-04
   1.549901e-01   2.098500e+00   5.500000e+01   7.975399e-09   2.544749e-03   8.488404e-09   5.894725e-10   2.708436e-03   1.880858e-04
   1.614481e-01   2.104958e+00   5.500000e+01   1.058121e-08   2.621779e-03   1.131787e-08   7.073670e-10   2.804308e-03   1.752693e-04
   1.669834e-01   2.110493e+00   5.500000e+01   1.332882e-08   2.692144e-03   1.886312e-08   1.178945e-09   3.809957e-03   2.381223e-04
   1.743639e-01   2.117874e+00   5.500000e+01   1.786725e-08   2.792689e-03   1.674102e-08   1.061050e-09   2.616657e-03   1.658445e-04
   1.789767e-01   2.122487e+00   5.500000e+01   2.129245e-08   2.859712e-03   2.711573e-08   2.357890e-09   3.641815e-03   3.166796e-04
   1.863572e-01   2.129867e+00   5.500000e+01   2.788134e-08   2.974692e-03   2.357890e-08   1.178945e-09   2.515659e-03   1.257830e-04


   1.798993e-01   2.123409e+00   0.000000e+00   2.203791e-08   2.873529e-03   2.169056e-08   2.069899e-08   2.828237e-03   2.698947e-03
   1.946602e-01   2.138170e+00   0.000000e+00   3.721625e-08   3.116432e-03   3.123440e-08   1.747639e-08   2.615521e-03   1.463446e-03
   2.108050e-01   2.154315e+00   0.000000e+00   6.290226e-08   3.436907e-03   7.027740e-08   2.677234e-08   3.839876e-03   1.462810e-03
   2.255660e-01   2.169076e+00   0.000000e+00   9.828538e-08   3.795365e-03   8.936509e-08   1.698061e-08   3.450901e-03   6.557191e-04
   2.407882e-01   2.184298e+00   0.000000e+00   1.519141e-07   4.252042e-03   1.700540e-07   2.206239e-08   4.759771e-03   6.175213e-04
   2.555492e-01   2.199059e+00   0.000000e+00   2.278557e-07   4.808732e-03   2.611543e-07   1.834401e-08   5.511474e-03   3.871373e-04
   2.707714e-01   2.214281e+00   0.000000e+00   3.425173e-07   5.545915e-03   3.340346e-07   2.007926e-08   5.408566e-03   3.251160e-04
   2.721553e-01   2.215665e+00   0.000000e+00   3.553354e-07   5.623201e-03   3.548575e-07   2.838364e-08   5.615637e-03   4.491725e-04
   2.795358e-01   2.223046e+00   0.000000e+00   4.321891e-07   6.071845e-03   4.216644e-07   3.371332e-08   5.923983e-03   4.736400e-04
   2.859937e-01   2.229504e+00   0.000000e+00   5.129681e-07   6.520412e-03   5.205733e-07   3.123440e-08   6.617083e-03   3.970250e-04
   2.873775e-01   2.230888e+00   0.000000e+00   5.321924e-07   6.624386e-03   5.552782e-07   4.437268e-08   6.911743e-03   5.523223e-04
   2.933742e-01   2.236884e+00   0.000000e+00   6.244574e-07   7.110781e-03   6.160118e-07   3.693592e-08   7.014609e-03   4.205943e-04
   2.947580e-01   2.238268e+00   0.000000e+00   6.480142e-07   7.231989e-03   6.854216e-07   5.478415e-08   7.649464e-03   6.114038e-04
   2.989095e-01   2.242420e+00   0.000000e+00   7.244937e-07   7.618645e-03   7.027740e-07   5.627150e-08   7.390245e-03   5.917409e-04
   3.016772e-01   2.245187e+00   0.000000e+00   7.807762e-07   7.897139e-03   7.808600e-07   3.904300e-08   7.897987e-03   3.948993e-04
   3.025998e-01   2.246110e+00   0.000000e+00   8.005531e-07   7.993845e-03   7.808600e-07   5.466020e-08   7.797201e-03   5.458041e-04
   3.062900e-01   2.249800e+00   0.000000e+00   8.852506e-07   8.402213e-03   9.283558e-07   6.494772e-08   8.811339e-03   6.164408e-04
   3.090577e-01   2.252568e+00   0.000000e+00   9.551495e-07   8.732739e-03   9.630607e-07   3.854722e-08   8.805069e-03   3.524294e-04
   3.099803e-01   2.253490e+00   0.000000e+00   9.797809e-07   8.847983e-03   9.543845e-07   6.680691e-08   8.618638e-03   6.033047e-04
   3.155156e-01   2.259026e+00   0.000000e+00   1.143131e-06   9.597621e-03   1.214671e-06   7.288027e-08   1.019827e-02   6.118959e-04
   3.247412e-01   2.268251e+00   0.000000e+00   1.487954e-06   1.111386e-02   1.500986e-06   5.998988e-08   1.121120e-02   4.480779e-04
   3.311991e-01   2.274709e+00   0.000000e+00   1.800699e-06   1.243183e-02   1.830683e-06   7.325211e-08   1.263884e-02   5.057247e-04
   3.330443e-01   2.276554e+00   0.000000e+00   1.903792e-06   1.285718e-02   1.856712e-06   1.110556e-07   1.253922e-02   7.500096e-04
   3.395022e-01   2.283012e+00   0.000000e+00   2.323691e-06   1.455074e-02   2.342580e-06   9.370320e-08   1.466902e-02   5.867607e-04
   3.404247e-01   2.283935e+00   0.000000e+00   2.392328e-06   1.482251e-02   2.307875e-06   1.388196e-07   1.429925e-02   8.601052e-04
   3.473439e-01   2.290854e+00   0.000000e+00   2.993436e-06   1.715399e-02   2.871830e-06   1.145261e-07   1.645711e-02   6.562958e-04
   3.482665e-01   2.291777e+00   0.000000e+00   3.086853e-06   1.750948e-02   2.915211e-06   1.747639e-07   1.653588e-02   9.913089e-04
   3.561083e-01   2.299618e+00   0.000000e+00   4.045762e-06   2.107637e-02   3.704747e-06   1.846796e-07   1.929986e-02   9.620872e-04
   3.634888e-01   2.306999e+00   0.000000e+00   5.312495e-06   2.561532e-02   5.292496e-06   2.640051e-07   2.551888e-02   1.272956e-03
   3.708692e-01   2.314379e+00   0.000000e+00   7.126973e-06   3.188658e-02   7.045093e-06   3.520067e-07   3.152024e-02   1.574903e-03
   3.787110e-01   2.322221e+00   0.000000e+00   1.002733e-05   4.154298e-02   9.890893e-06   4.945447e-07   4.097773e-02   2.048887e-03
   3.865528e-01   2.330063e+00   0.000000e+00   1.464507e-05   5.632828e-02   1.422900e-05   7.114502e-07   5.472798e-02   2.736399e-03
   3.939332e-01   2.337443e+00   0.000000e+00   2.179171e-05   7.832723e-02   2.134351e-05   1.067175e-06   7.671621e-02   3.835810e-03
   4.013137e-01   2.344824e+00   0.000000e+00   3.381882e-05   1.138299e-01   3.513870e-05   1.760034e-06   1.182725e-01   5.924055e-03
   4.059265e-01   2.349437e+00   0.000000e+00   4.521570e-05   1.462156e-01   4.286054e-05   1.289039e-06   1.385997e-01   4.168411e-03
   4.090632e-01   2.352573e+00   0.000000e+00   5.508721e-05   1.734252e-01   5.865126e-05   2.937521e-06   1.846455e-01   9.247883e-03
   4.105393e-01   2.354049e+00   0.000000e+00   6.030742e-05   1.875010e-01   6.160118e-05   1.846796e-06   1.915234e-01   5.741849e-03
   4.130302e-01   2.356540e+00   0.000000e+00   6.973447e-05   2.123206e-01   7.131855e-05   2.144266e-06   2.171436e-01   6.528649e-03
   4.151521e-01   2.358662e+00   0.000000e+00   7.798452e-05   2.332824e-01   8.329173e-05   2.503710e-06   2.491584e-01   7.489582e-03
   4.177353e-01   2.361245e+00   0.000000e+00   8.737154e-05   2.558536e-01   9.196796e-05   2.763997e-06   2.693135e-01   8.093923e-03
   4.200417e-01   2.363552e+00   0.000000e+00   9.403519e-05   2.702281e-01   9.804131e-05   2.937521e-06   2.817404e-01   8.441528e-03
   4.224404e-01   2.365950e+00   0.000000e+00   9.809487e-05   2.764749e-01   1.075852e-04   3.234991e-06   3.032227e-01   9.117642e-03
   4.247468e-01   2.368257e+00   0.000000e+00   9.856286e-05   2.727033e-01   1.127909e-04   3.383727e-06   3.120693e-01   9.362079e-03
   4.271454e-01   2.370655e+00   0.000000e+00   9.550458e-05   2.592527e-01   1.075852e-04   3.222597e-06   2.920462e-01   8.747927e-03
   4.295441e-01   2.373054e+00   0.000000e+00   8.956110e-05   2.385707e-01   1.023794e-04   3.073862e-06   2.727158e-01   8.188077e-03
   4.317582e-01   2.375268e+00   0.000000e+00   8.248567e-05   2.159594e-01   9.283558e-05   2.788786e-06   2.430570e-01   7.301445e-03
   4.342491e-01   2.377759e+00   0.000000e+00   7.378813e-05   1.895020e-01   8.155649e-05   2.441737e-06   2.094526e-01   6.270845e-03
   4.389542e-01   2.382464e+00   0.000000e+00   5.806748e-05   1.438702e-01   6.403052e-05   1.921164e-06   1.586445e-01   4.759949e-03
   4.437515e-01   2.387261e+00   0.000000e+00   4.504761e-05   1.076704e-01   4.511636e-05   1.351012e-06   1.078347e-01   3.229116e-03
   4.483643e-01   2.391874e+00   0.000000e+00   3.559849e-05   8.224391e-02   3.826214e-05   1.145261e-06   8.839780e-02   2.645920e-03
   4.529771e-01   2.396487e+00   0.000000e+00   2.856871e-05   6.383507e-02   3.080059e-05   9.196796e-07   6.882206e-02   2.054968e-03
   4.575899e-01   2.401100e+00   0.000000e+00   2.332111e-05   5.042623e-02   2.316551e-05   6.953372e-07   5.008979e-02   1.503498e-03
   4.622027e-01   2.405713e+00   0.000000e+00   1.935431e-05   4.051908e-02   1.917445e-05   5.751096e-07   4.014254e-02   1.204017e-03
   4.672768e-01   2.410787e+00   0.000000e+00   1.604274e-05   3.243380e-02   1.639806e-05   4.920658e-07   3.315215e-02   9.948150e-04
   4.723509e-01   2.415861e+00   0.000000e+00   1.351517e-05   2.640270e-02   1.379519e-05   4.139798e-07   2.694975e-02   8.087345e-04
   4.769637e-01   2.420474e+00   0.000000e+00   1.170874e-05   2.218334e-02   1.197319e-05   4.784317e-07   2.268436e-02   9.064351e-04
   4.815765e-01   2.425086e+00   0.000000e+00   1.024928e-05   1.884134e-02   1.006442e-05   4.028246e-07   1.850151e-02   7.405161e-04
   4.861893e-01   2.429699e+00   0.000000e+00   9.054598e-06   1.615831e-02   9.196796e-06   3.681197e-07   1.641207e-02   6.569253e-04
   4.908021e-01   2.434312e+00   0.000000e+00   8.064578e-06   1.397715e-02   7.895362e-06   3.160624e-07   1.368387e-02   5.477844e-04
   4.954149e-01   2.438925e+00   0.000000e+00   7.235229e-06   1.218417e-02   7.288027e-06   2.912732e-07   1.227308e-02   4.905056e-04
   5.000277e-01   2.443538e+00   0.000000e+00   6.533193e-06   1.069468e-02   6.160118e-06   2.466526e-07   1.008396e-02   4.037642e-04
   5.046405e-01   2.448150e+00   0.000000e+00   5.933584e-06   9.445941e-03   5.726307e-06   2.293002e-07   9.115968e-03   3.650334e-04
   5.097146e-01   2.453225e+00   0.000000e+00   5.369637e-06   8.293903e-03   5.292496e-06   2.119477e-07   8.174751e-03   3.273729e-04
   5.147886e-01   2.458299e+00   0.000000e+00   4.886839e-06   7.327293e-03   4.077824e-06   1.636088e-07   6.114263e-03   2.453139e-04
   5.194014e-01   2.462911e+00   0.000000e+00   4.505519e-06   6.578352e-03   4.338111e-06   1.735244e-07   6.333926e-03   2.533570e-04
   5.240142e-01   2.467524e+00   0.000000e+00   4.170154e-06   5.931314e-03   4.077824e-06   1.636088e-07   5.799991e-03   2.327048e-04
   5.286270e-01   2.472137e+00   0.000000e+00   3.873254e-06   5.368676e-03   3.557251e-06   1.425379e-07   4.930668e-03   1.975703e-04
   5.332398e-01   2.476750e+00   0.000000e+00   3.608811e-06   4.876519e-03   3.470489e-06   1.388196e-07   4.689607e-03   1.875843e-04
   5.378526e-01   2.481363e+00   0.000000e+00   3.372662e-06   4.444591e-03   3.123440e-06   1.251855e-07   4.116159e-03   1.649730e-04
   5.424655e-01   2.485975e+00   0.000000e+00   3.160318e-06   4.063104e-03   2.949916e-06   1.179966e-07   3.792597e-03   1.517039e-04
   5.470783e-01   2.490588e+00   0.000000e+00   2.968788e-06   3.724998e-03   2.698305e-06   1.075852e-07   3.385618e-03   1.349893e-04
   5.572264e-01   2.500736e+00   0.000000e+00   2.608136e-06   3.105405e-03   2.403314e-06   9.630607e-08   2.861531e-03   1.146678e-04
   5.664520e-01   2.509962e+00   0.000000e+00   2.337992e-06   2.657883e-03   2.177732e-06   8.676222e-08   2.475695e-03   9.863328e-05
   5.756776e-01   2.519188e+00   0.000000e+00   2.110482e-06   2.293619e-03   2.116998e-06   8.465514e-08   2.300700e-03   9.200108e-05
   5.849032e-01   2.528413e+00   0.000000e+00   1.916764e-06   1.993767e-03   1.605101e-06   8.019308e-08   1.669584e-03   8.341474e-05
   5.950514e-01   2.538561e+00   0.000000e+00   1.735250e-06   1.722289e-03   1.579072e-06   7.895362e-08   1.567277e-03   7.836387e-05
   6.038157e-01   2.547326e+00   0.000000e+00   1.599731e-06   1.526407e-03   1.448929e-06   7.238448e-08   1.382517e-03   6.906673e-05
   6.135026e-01   2.557013e+00   0.000000e+00   1.468950e-06   1.343349e-03   1.275405e-06   6.383221e-08   1.166353e-03   5.837431e-05
   6.227282e-01   2.566238e+00   0.000000e+00   1.359958e-06   1.195626e-03   1.258052e-06   6.284064e-08   1.106034e-03   5.524723e-05
   6.319538e-01   2.575464e+00   0.000000e+00   1.263444e-06   1.068900e-03   1.015118e-06   5.069393e-08   8.588111e-04   4.288813e-05


   1.393066e-01   2.082817e+00   0.000000e+00   2.926707e-10   1.861502e-04   2.596992e-10   1.588089e-10   1.651790e-04   1.010087e-04
   1.845121e-01   2.128022e+00   0.000000e+00   2.067757e-09   2.333586e-04   2.578308e-09   2.802509e-10   2.909773e-04   3.162797e-05
   2.020407e-01   2.145551e+00   0.000000e+00   3.784073e-09   2.589352e-04   3.951538e-09   4.390598e-11   2.703945e-04   3.004383e-06
   2.343303e-01   2.177840e+00   0.000000e+00   1.013650e-08   3.238953e-04   9.528531e-09   1.121004e-09   3.044685e-04   3.581983e-05
   2.389431e-01   2.182453e+00   0.000000e+00   1.155824e-08   3.357918e-04   1.345204e-08   1.494672e-09   3.908108e-04   4.342343e-05
   2.610846e-01   2.204595e+00   0.000000e+00   2.126491e-08   4.063863e-04   2.587650e-08   2.802509e-09   4.945168e-04   5.355777e-05
   2.767681e-01   2.220278e+00   0.000000e+00   3.235971e-08   4.750919e-04   4.072980e-08   4.484015e-09   5.979782e-04   6.583246e-05
   2.887614e-01   2.232271e+00   0.000000e+00   4.455144e-08   5.431272e-04   4.960441e-08   5.418184e-09   6.047280e-04   6.605315e-05
   2.952193e-01   2.238729e+00   0.000000e+00   5.297383e-08   5.872670e-04   6.763389e-08   7.379941e-09   7.497882e-04   8.181390e-05
   3.136705e-01   2.257180e+00   0.000000e+00   8.780183e-08   7.551265e-04   1.008903e-07   1.121004e-08   8.676922e-04   9.641025e-05
   3.145931e-01   2.258103e+00   0.000000e+00   9.010421e-08   7.656399e-04   1.121004e-07   1.214421e-08   9.525472e-04   1.031926e-04
   3.228961e-01   2.266406e+00   0.000000e+00   1.141621e-07   8.725038e-04   1.354546e-07   1.494672e-08   1.035235e-03   1.142329e-04
   3.321217e-01   2.275632e+00   0.000000e+00   1.499476e-07   1.023856e-03   1.746897e-07   1.868339e-08   1.192797e-03   1.275719e-04
   3.450375e-01   2.288548e+00   0.000000e+00   2.248706e-07   1.322229e-03   2.540942e-07   2.802509e-08   1.494062e-03   1.647862e-04
   3.505729e-01   2.294083e+00   0.000000e+00   2.704807e-07   1.495831e-03   3.325644e-07   3.643262e-08   1.839171e-03   2.014822e-04
   3.662564e-01   2.309766e+00   0.000000e+00   4.797278e-07   2.248453e-03   4.997808e-07   5.418184e-08   2.342440e-03   2.539468e-04
   3.745595e-01   2.318069e+00   0.000000e+00   6.761020e-07   2.916483e-03   5.894611e-07   6.445771e-08   2.542742e-03   2.780495e-04
   3.847076e-01   2.328218e+00   0.000000e+00   1.082635e-06   4.236572e-03   8.865271e-07   9.341697e-08   3.469162e-03   3.655598e-04
   3.948558e-01   2.338366e+00   0.000000e+00   1.863343e-06   6.642032e-03   1.307838e-06   1.401255e-07   4.661889e-03   4.994881e-04
   4.013137e-01   2.344824e+00   0.000000e+00   2.743073e-06   9.232843e-03   2.550283e-06   2.802509e-07   8.583938e-03   9.432898e-04
   4.096168e-01   2.353127e+00   0.000000e+00   4.622896e-06   1.448558e-02   4.390598e-06   4.857682e-07   1.375769e-02   1.522127e-03
   4.133070e-01   2.356817e+00   0.000000e+00   5.741877e-06   1.744192e-02   6.754047e-06   7.473358e-07   2.051656e-02   2.270158e-03
   4.234552e-01   2.366965e+00   0.000000e+00   8.001960e-06   2.236983e-02   9.042763e-06   1.027587e-06   2.527944e-02   2.872663e-03
   4.326808e-01   2.376191e+00   0.000000e+00   6.425323e-06   1.670247e-02   6.856806e-06   7.566775e-07   1.782410e-02   1.966964e-03
   4.446741e-01   2.388184e+00   0.000000e+00   3.476014e-06   8.251546e-03   5.203325e-06   5.698435e-07   1.235193e-02   1.352725e-03
   4.455966e-01   2.389107e+00   0.000000e+00   3.314241e-06   7.814072e-03   4.082322e-06   4.484015e-07   9.624994e-03   1.057208e-03
   4.640478e-01   2.407558e+00   0.000000e+00   1.458610e-06   3.014918e-03   2.185957e-06   2.428841e-07   4.518331e-03   5.020368e-04
   4.751185e-01   2.418629e+00   0.000000e+00   1.000211e-06   1.918257e-03   1.532038e-06   1.681505e-07   2.938223e-03   3.224879e-04
   4.898795e-01   2.433390e+00   0.000000e+00   6.652151e-07   1.159634e-03   7.193107e-07   7.940443e-08   1.253936e-03   1.384215e-04
   5.147886e-01   2.458299e+00   0.000000e+00   3.929085e-07   5.891243e-04   3.774046e-07   4.110347e-08   5.658779e-04   6.163026e-05
   5.378526e-01   2.481363e+00   0.000000e+00   2.702846e-07   3.561888e-04   3.101443e-07   3.456428e-08   4.087171e-04   4.554980e-05
   5.599941e-01   2.503504e+00   0.000000e+00   2.014107e-07   2.364741e-04   2.223324e-07   2.428841e-08   2.610381e-04   2.851677e-05
   5.784453e-01   2.521955e+00   0.000000e+00   1.631377e-07   1.749565e-04   1.700189e-07   1.868339e-08   1.823363e-04   2.003695e-05
   6.051995e-01   2.548710e+00   0.000000e+00   1.251813e-07   1.187129e-04   1.447963e-07   1.588089e-08   1.373143e-04   1.506028e-05
   6.282636e-01   2.571774e+00   0.000000e+00   1.026257e-07   8.815828e-05   9.808782e-08   2.242007e-08   8.426010e-05   1.925945e-05
   6.531727e-01   2.596683e+00   0.000000e+00   8.482796e-08   6.592601e-05   1.130345e-07   2.055173e-08   8.784741e-05   1.597226e-05
   6.743916e-01   2.617902e+00   0.000000e+00   7.331730e-08   5.258217e-05   8.687778e-08   9.341697e-09   6.230756e-05   6.699737e-06
   7.011458e-01   2.644656e+00   0.000000e+00   6.216328e-08   4.052788e-05   7.865709e-08   1.401255e-08   5.128116e-05   9.135598e-06
   7.205196e-01   2.664030e+00   0.000000e+00   5.582815e-08   3.409812e-05   7.706900e-08   1.307838e-08   4.707138e-05   7.987871e-06
   7.454287e-01   2.688939e+00   0.000000e+00   4.927689e-08   2.779332e-05   4.932416e-08   1.121004e-08   2.781999e-05   6.322724e-06
   7.878665e-01   2.731376e+00   0.000000e+00   4.122722e-08   2.050785e-05   5.306084e-08   1.214421e-08   2.639430e-05   6.040948e-06
   8.330719e-01   2.776582e+00   0.000000e+00   3.571332e-08   1.573112e-05   4.287839e-08   8.781195e-09   1.888722e-05   3.867971e-06
   8.616713e-01   2.805181e+00   0.000000e+00   3.343663e-08   1.371629e-05   2.279374e-08   8.314110e-09   9.350393e-06   3.410594e-06
   9.022640e-01   2.845774e+00   0.000000e+00   3.145374e-08   1.174225e-05   4.119688e-08   8.500944e-09   1.537955e-05   3.173557e-06
   9.539273e-01   2.897437e+00   0.000000e+00   3.068805e-08   1.026560e-05   2.765142e-08   3.643262e-09   9.249800e-06   1.218724e-06
   1.005591e+00   2.949101e+00   0.000000e+00   3.158578e-08   9.562619e-06   2.886584e-08   3.176177e-09   8.739157e-06   9.615901e-07
   1.050796e+00   2.994306e+00   0.000000e+00   3.363167e-08   9.397851e-06   2.755801e-08   2.989343e-09   7.700660e-06   8.353258e-07
   1.096924e+00   3.040434e+00   0.000000e+00   3.694629e-08   9.571464e-06   3.428403e-08   7.940443e-09   8.881766e-06   2.057085e-06
   1.139362e+00   3.082872e+00   0.000000e+00   4.120594e-08   1.000542e-05   3.746021e-08   4.110347e-09   9.095896e-06   9.980535e-07
   1.232541e+00   3.176051e+00   0.000000e+00   5.605439e-08   1.197498e-05   4.175739e-08   4.577432e-09   8.920689e-06   9.778831e-07
   1.278669e+00   3.222179e+00   0.000000e+00   6.779194e-08   1.367872e-05   5.502260e-08   6.072103e-09   1.110218e-05   1.225199e-06
   1.323874e+00   3.267384e+00   0.000000e+00   8.444510e-08   1.616873e-05   8.510286e-08   9.341697e-09   1.629467e-05   1.788657e-06
   1.364467e+00   3.307977e+00   0.000000e+00   1.071343e-07   1.962320e-05   1.036928e-07   1.121004e-08   1.899285e-05   2.053281e-06
   1.395834e+00   3.339344e+00   0.000000e+00   1.339551e-07   2.374799e-05   1.335863e-07   1.494672e-08   2.368260e-05   2.649802e-06
   1.411517e+00   3.355027e+00   0.000000e+00   1.525429e-07   2.661898e-05   1.625455e-07   1.774922e-08   2.836446e-05   3.097269e-06
   1.443807e+00   3.387317e+00   0.000000e+00   2.106200e-07   3.561193e-05   1.943073e-07   2.148590e-08   3.285375e-05   3.632867e-06
   1.458568e+00   3.402078e+00   0.000000e+00   2.525148e-07   4.210236e-05   2.718434e-07   2.989343e-08   4.532505e-05   4.984198e-06
   1.482554e+00   3.426064e+00   0.000000e+00   3.626853e-07   5.914479e-05   3.886146e-07   4.297181e-08   6.337320e-05   7.007613e-06
   1.505618e+00   3.449128e+00   0.000000e+00   5.757289e-07   9.196295e-05   5.278059e-07   5.791852e-08   8.430807e-05   9.251505e-06
   1.520379e+00   3.463889e+00   0.000000e+00   8.389964e-07   1.322923e-04   7.277182e-07   8.033859e-08   1.147461e-04   1.266773e-05
   1.539753e+00   3.483263e+00   0.000000e+00   1.491496e-06   2.312990e-04   1.008903e-06   1.121004e-07   1.564592e-04   1.738436e-05
   1.541598e+00   3.485108e+00   0.000000e+00   1.573076e-06   2.435692e-04   1.270471e-06   1.401255e-07   1.967149e-04   2.169650e-05
   1.551746e+00   3.495256e+00   0.000000e+00   1.989310e-06   3.053992e-04   2.148590e-06   2.335424e-07   3.298519e-04   3.585347e-05
   1.569275e+00   3.512785e+00   0.000000e+00   1.775576e-06   2.686630e-04   1.606772e-06   1.774922e-07   2.431212e-04   2.685641e-05
   1.582191e+00   3.525701e+00   0.000000e+00   1.081903e-06   1.619949e-04   1.223762e-06   1.307838e-07   1.832357e-04   1.958244e-05
   1.585881e+00   3.529391e+00   0.000000e+00   9.174531e-07   1.369646e-04   7.221132e-07   7.940443e-08   1.078027e-04   1.185411e-05
   1.591416e+00   3.534926e+00   0.000000e+00   7.147590e-07   1.062335e-04   5.567651e-07   6.165520e-08   8.275116e-05   9.163719e-06
   1.601565e+00   3.545075e+00   0.000000e+00   4.585323e-07   6.760523e-05   3.372353e-07   3.736679e-08   4.972140e-05   5.509297e-06
   1.629241e+00   3.572751e+00   0.000000e+00   1.620567e-07   2.338646e-05   1.317179e-07   1.494672e-08   1.900826e-05   2.156966e-06
   1.646770e+00   3.590280e+00   0.000000e+00   9.484027e-08   1.350661e-05   4.334547e-08   4.764266e-09   6.173014e-06   6.784994e-07
   1.696588e+00   3.640098e+00   0.000000e+00   3.226996e-08   4.432471e-06   1.494672e-08   9.154863e-09   2.053020e-06   1.257475e-06
   1.736258e+00   3.679768e+00   0.000000e+00   2.181941e-08   2.916099e-06   2.391474e-08   1.121004e-08   3.196134e-06   1.498188e-06
   1.782386e+00   3.725896e+00   0.000000e+00   2.052133e-08   2.660622e-06   1.625455e-08   5.978686e-09   2.107427e-06   7.751457e-07
   1.828514e+00   3.772024e+00   0.000000e+00   2.318829e-08   2.920850e-06   1.672164e-08   7.566775e-09   2.106296e-06   9.531283e-07
   1.885713e+00   3.829223e+00   0.000000e+00   2.838965e-08   3.456888e-06   1.980440e-08   1.214421e-08   2.411498e-06   1.478749e-06
   1.922616e+00   3.866126e+00   0.000000e+00   3.217497e-08   3.837117e-06   4.624140e-08   9.341697e-09   5.514650e-06   1.114071e-06
   2.015794e+00   3.959304e+00   0.000000e+00   4.220489e-08   4.791623e-06   7.464016e-08   1.027587e-08   8.474077e-06   1.166644e-06
   2.108973e+00   4.052483e+00   0.000000e+00   5.241791e-08   5.690014e-06   6.940881e-08   7.660192e-09   7.534392e-06   8.315211e-07
   2.200306e+00   4.143816e+00   0.000000e+00   6.248228e-08   6.514831e-06   6.146837e-08   1.401255e-08   6.409114e-06   1.461044e-06
   2.297175e+00   4.240685e+00   0.000000e+00   7.323848e-08   7.343208e-06   8.818562e-08   2.055173e-08   8.841873e-06   2.060606e-06


   1.393066e-01   2.082817e+00   9.000000e+01   3.036017e-10   1.931028e-04   2.767474e-10   1.581414e-10   1.760223e-04   1.005842e-04
   1.826669e-01   2.126177e+00   9.000000e+01   1.972695e-09   2.357061e-04   2.055838e-09   2.213979e-10   2.456403e-04   2.645357e-05
   1.983505e-01   2.141860e+00   9.000000e+01   3.399463e-09   2.569444e-04   3.320969e-09   4.348888e-10   2.510115e-04   3.287056e-05
   2.223370e-01   2.165847e+00   9.000000e+01   7.192139e-09   2.986940e-04   7.748927e-09   8.697775e-10   3.218177e-04   3.612240e-05
   2.370980e-01   2.180608e+00   9.000000e+01   1.100785e-08   3.320943e-04   1.043733e-08   1.186060e-09   3.148824e-04   3.578209e-05
   2.583169e-01   2.201827e+00   9.000000e+01   1.969345e-08   3.953295e-04   2.158630e-08   2.372121e-09   4.333268e-04   4.761833e-05
   2.776906e-01   2.221201e+00   9.000000e+01   3.295014e-08   4.766733e-04   3.328876e-08   3.637251e-09   4.815718e-04   5.261830e-05
   2.869162e-01   2.230426e+00   9.000000e+01   4.205310e-08   5.271121e-04   4.293538e-08   4.744241e-09   5.381710e-04   5.946641e-05
   2.878388e-01   2.231349e+00   9.000000e+01   4.309391e-08   5.326876e-04   5.242386e-08   5.772160e-09   6.480161e-04   7.135018e-05
   3.007547e-01   2.244265e+00   9.000000e+01   6.084077e-08   6.233662e-04   7.298224e-08   7.907068e-09   7.477660e-04   8.101474e-05
   3.182833e-01   2.261793e+00   9.000000e+01   9.859295e-08   7.987762e-04   9.725694e-08   1.106990e-08   7.879522e-04   8.968561e-05
   3.228961e-01   2.266406e+00   9.000000e+01   1.124690e-07   8.595636e-04   1.193967e-07   1.344202e-08   9.125101e-04   1.027329e-04
   3.321217e-01   2.275632e+00   9.000000e+01   1.475183e-07   1.007268e-03   1.573507e-07   1.739555e-08   1.074405e-03   1.187784e-04
   3.441150e-01   2.287625e+00   9.000000e+01   2.143247e-07   1.273361e-03   2.190258e-07   2.372121e-08   1.301292e-03   1.409342e-04
   3.561083e-01   2.299618e+00   9.000000e+01   3.217335e-07   1.676069e-03   3.194456e-07   3.479110e-08   1.664150e-03   1.812440e-04
   3.588760e-01   2.302386e+00   9.000000e+01   3.554593e-07   1.798272e-03   4.135397e-07   4.586100e-08   2.092101e-03   2.320112e-04
   3.662564e-01   2.309766e+00   9.000000e+01   4.699986e-07   2.202853e-03   5.250293e-07   5.772160e-08   2.460778e-03   2.705374e-04
   3.745595e-01   2.318069e+00   9.000000e+01   6.618773e-07   2.855122e-03   7.907068e-07   8.697775e-08   3.410851e-03   3.751936e-04
   3.865528e-01   2.330063e+00   9.000000e+01   1.161930e-06   4.469047e-03   1.035826e-06   1.106990e-07   3.984022e-03   4.257733e-04
   3.948558e-01   2.338366e+00   9.000000e+01   1.821383e-06   6.492461e-03   2.047931e-06   2.213979e-07   7.300009e-03   7.891902e-04
   4.040814e-01   2.347591e+00   9.000000e+01   3.187621e-06   1.047344e-02   3.755857e-06   4.111676e-07   1.234048e-02   1.350958e-03
   4.086942e-01   2.352204e+00   9.000000e+01   4.264628e-06   1.346805e-02   6.143792e-06   6.721008e-07   1.940260e-02   2.122550e-03
   4.289905e-01   2.372501e+00   9.000000e+01   7.209151e-06   1.928713e-02   7.440551e-06   7.907068e-07   1.990621e-02   2.115432e-03
   4.345259e-01   2.378036e+00   9.000000e+01   5.758167e-06   1.475661e-02   5.827509e-06   6.404725e-07   1.493432e-02   1.641357e-03
   4.354485e-01   2.378958e+00   9.000000e+01   5.503113e-06   1.400346e-02   4.546564e-06   4.981453e-07   1.156939e-02   1.267603e-03
   4.419064e-01   2.385416e+00   9.000000e+01   3.924360e-06   9.509669e-03   3.613530e-06   3.953534e-07   8.756453e-03   9.580364e-04
   4.529771e-01   2.396487e+00   9.000000e+01   2.256666e-06   5.042385e-03   2.245607e-06   2.451191e-07   5.017674e-03   5.477039e-04
   4.631253e-01   2.406635e+00   9.000000e+01   1.474751e-06   3.067773e-03   1.518157e-06   1.660484e-07   3.158067e-03   3.454135e-04
   4.834216e-01   2.426932e+00   9.000000e+01   7.683737e-07   1.395757e-03   6.222863e-07   6.879149e-08   1.130388e-03   1.249603e-04
   5.027954e-01   2.446305e+00   9.000000e+01   4.855188e-07   7.815515e-04   4.198653e-07   4.586100e-08   6.758675e-04   7.382357e-05
   5.313947e-01   2.474905e+00   9.000000e+01   2.920307e-07   3.986330e-04   2.735846e-07   3.004686e-08   3.734533e-04   4.101511e-05
   5.572264e-01   2.500736e+00   9.000000e+01   2.051109e-07   2.442174e-04   2.024210e-07   2.213979e-08   2.410146e-04   2.636098e-05
   5.802904e-01   2.523800e+00   9.000000e+01   1.580095e-07   1.679741e-04   1.494436e-07   1.660484e-08   1.588680e-04   1.765200e-05
   6.051995e-01   2.548710e+00   9.000000e+01   1.241918e-07   1.177745e-04   1.360016e-07   1.502343e-08   1.289741e-04   1.424713e-05
   6.291861e-01   2.572696e+00   9.000000e+01   1.015290e-07   8.688293e-05   7.487994e-08   1.739555e-08   6.407812e-05   1.488615e-05
   6.448696e-01   2.588380e+00   9.000000e+01   9.015803e-08   7.239392e-05   8.381492e-08   1.897696e-08   6.730062e-05   1.523788e-05
   6.688562e-01   2.612366e+00   9.000000e+01   7.645271e-08   5.596856e-05   6.626123e-08   1.897696e-08   4.850770e-05   1.389242e-05
   6.937653e-01   2.637275e+00   9.000000e+01   6.562441e-08   4.389725e-05   5.606111e-08   6.088443e-09   3.750020e-05   4.072659e-06
   7.168293e-01   2.660339e+00   9.000000e+01   5.781965e-08   3.574788e-05   4.317259e-08   7.748927e-09   2.669211e-05   4.790892e-06
   7.417385e-01   2.685248e+00   9.000000e+01   5.117212e-08   2.919630e-05   4.910289e-08   1.106990e-08   2.801570e-05   6.315940e-06
   7.850988e-01   2.728609e+00   9.000000e+01   4.277948e-08   2.144740e-05   3.376318e-08   7.748927e-09   1.692710e-05   3.884908e-06
   8.330719e-01   2.776582e+00   9.000000e+01   3.676663e-08   1.619509e-05   3.637251e-08   8.697775e-09   1.602149e-05   3.831226e-06
   8.552134e-01   2.798723e+00   9.000000e+01   3.483312e-08   1.451545e-05   2.269329e-08   7.669856e-09   9.456608e-06   3.196136e-06
   9.041091e-01   2.847619e+00   9.000000e+01   3.201746e-08   1.190369e-05   1.826533e-08   5.693089e-09   6.790821e-06   2.116620e-06
   9.465469e-01   2.890057e+00   9.000000e+01   3.087535e-08   1.048470e-05   1.193967e-08   4.665170e-09   4.054492e-06   1.584206e-06
   9.972877e-01   2.940798e+00   9.000000e+01   3.079672e-08   9.468601e-06   2.127001e-08   3.795393e-09   6.539569e-06   1.166912e-06
   1.042493e+00   2.986003e+00   9.000000e+01   3.177920e-08   9.007719e-06   1.834440e-08   4.190746e-09   5.199664e-06   1.187854e-06
   1.088621e+00   3.032131e+00   9.000000e+01   3.376068e-08   8.862415e-06   2.182351e-08   5.060524e-09   5.728824e-06   1.328423e-06
   1.133827e+00   3.077337e+00   9.000000e+01   3.672814e-08   8.991590e-06   3.526552e-08   4.665170e-09   8.633520e-06   1.142102e-06
   1.227005e+00   3.170515e+00   9.000000e+01   4.711840e-08   1.013783e-05   2.878173e-08   6.641937e-09   6.192579e-06   1.429057e-06
   1.272211e+00   3.215721e+00   9.000000e+01   5.552356e-08   1.129061e-05   5.890766e-08   1.027919e-09   1.197877e-05   2.090254e-07
   1.314648e+00   3.258158e+00   9.000000e+01   6.722372e-08   1.300629e-05   3.360504e-08   7.748927e-09   6.501826e-06   1.499245e-06
   1.363544e+00   3.307054e+00   9.000000e+01   8.964553e-08   1.643600e-05   9.567553e-08   1.265131e-08   1.754156e-05   2.319546e-06
   1.385686e+00   3.329196e+00   9.000000e+01   1.057927e-07   1.895151e-05   1.162339e-07   1.265131e-08   2.082194e-05   2.266333e-06
   1.406904e+00   3.350414e+00   9.000000e+01   1.276770e-07   2.238295e-05   1.273038e-07   1.423272e-08   2.231753e-05   2.495128e-06
   1.434581e+00   3.378091e+00   9.000000e+01   1.729866e-07   2.950973e-05   1.589321e-07   1.739555e-08   2.711217e-05   2.967501e-06
   1.470561e+00   3.414071e+00   9.000000e+01   2.976583e-07   4.907771e-05   2.356306e-07   2.609333e-08   3.885063e-05   4.302251e-06
   1.477019e+00   3.420529e+00   9.000000e+01   3.363945e-07   5.513564e-05   4.309352e-07   4.744241e-08   7.063104e-05   7.775894e-06
   1.502851e+00   3.446361e+00   9.000000e+01   6.117539e-07   9.795735e-05   8.065210e-07   8.697775e-08   1.291445e-04   1.392735e-05
   1.506541e+00   3.450051e+00   9.000000e+01   6.778053e-07   1.081796e-04   1.170246e-06   1.265131e-07   1.867746e-04   2.019185e-05
   1.518534e+00   3.462044e+00   9.000000e+01   9.793662e-07   1.546737e-04   1.431179e-06   1.581414e-07   2.260297e-04   2.497566e-05
   1.529605e+00   3.473115e+00   9.000000e+01   1.440797e-06   2.253805e-04   1.992581e-06   2.213979e-07   3.116949e-04   3.463276e-05
   1.543443e+00   3.486953e+00   9.000000e+01   2.387140e-06   3.690397e-04   2.925615e-06   3.241898e-07   4.522852e-04   5.011809e-05
   1.559127e+00   3.502637e+00   9.000000e+01   3.409043e-06   5.201520e-04   3.360504e-06   3.716322e-07   5.127459e-04   5.670367e-05
   1.572043e+00   3.515553e+00   9.000000e+01   2.961253e-06   4.470559e-04   2.854452e-06   3.162827e-07   4.309324e-04   4.774874e-05
   1.579423e+00   3.522933e+00   9.000000e+01   2.378248e-06   3.568950e-04   2.372121e-06   2.609333e-07   3.559755e-04   3.915730e-05
   1.589571e+00   3.533081e+00   9.000000e+01   1.672183e-06   2.489002e-04   1.193967e-06   1.344202e-07   1.777190e-04   2.000810e-05
   1.597874e+00   3.541384e+00   9.000000e+01   1.259764e-06   1.862792e-04   1.842347e-06   2.055838e-07   2.724248e-04   3.039933e-05
   1.616326e+00   3.559836e+00   9.000000e+01   7.314549e-07   1.066089e-04   7.163804e-07   7.907068e-08   1.044118e-04   1.152448e-05
   1.643080e+00   3.586590e+00   9.000000e+01   4.102567e-07   5.858802e-05   4.143304e-07   4.586100e-08   5.916977e-05   6.549326e-06
   1.689208e+00   3.632718e+00   9.000000e+01   2.227936e-07   3.076245e-05   2.221886e-07   2.451191e-08   3.067893e-05   3.384508e-06
   1.734413e+00   3.677923e+00   9.000000e+01   1.601802e-07   2.143431e-05   1.541878e-07   1.660484e-08   2.063245e-05   2.221956e-06
   1.777774e+00   3.721284e+00   9.000000e+01   1.338120e-07   1.740047e-05   1.439086e-07   1.581414e-08   1.871341e-05   2.056418e-06
   1.823902e+00   3.767412e+00   9.000000e+01   1.203099e-07   1.519735e-05   1.154432e-07   1.265131e-08   1.458260e-05   1.598093e-06
   1.871875e+00   3.815385e+00   9.000000e+01   1.138337e-07   1.397255e-05   1.004198e-07   1.818626e-08   1.232605e-05   2.232277e-06
   1.915235e+00   3.858745e+00   9.000000e+01   1.115370e-07   1.335630e-05   1.217689e-07   1.897696e-08   1.458154e-05   2.272448e-06
   2.006569e+00   3.950079e+00   9.000000e+01   1.124132e-07   1.282227e-05   1.106990e-07   1.739555e-08   1.262674e-05   1.984201e-06
   2.042548e+00   3.986058e+00   9.000000e+01   1.139984e-07   1.277149e-05   1.138618e-07   1.265131e-08   1.275618e-05   1.417353e-06
   2.104360e+00   4.047870e+00   9.000000e+01   1.176877e-07   1.280232e-05   1.099083e-07   1.186060e-08   1.195605e-05   1.290222e-06
   2.196616e+00   4.140126e+00   9.000000e+01   1.246998e-07   1.302237e-05   1.075361e-07   1.186060e-08   1.122997e-05   1.238600e-06
   2.286104e+00   4.229614e+00   9.000000e+01   1.325687e-07   1.334921e-05   1.280945e-07   1.423272e-08   1.289867e-05   1.433186e-06


