   3.113641e-01   2.254874e+00   8.909121e+01   1.948813e+00   1.727779e+04   1.985655e+00   5.686194e-02   1.760442e+04   5.041266e+02
   3.394099e-01   2.282920e+00   8.909121e+01   1.594531e+00   9.995425e+03   1.654713e+00   4.823738e-02   1.037268e+04   3.023792e+02
   3.670867e-01   2.310597e+00   8.909121e+01   1.262882e+00   5.869319e+03   1.343827e+00   3.359568e-02   6.245515e+03   1.561379e+02
   3.761278e-01   2.319638e+00   8.909121e+01   1.140421e+00   4.844520e+03   1.223484e+00   3.710568e-02   5.197377e+03   1.576254e+02
   3.857225e-01   2.329232e+00   8.909121e+01   9.869830e-01   3.825703e+03   1.042970e+00   3.620311e-02   4.042719e+03   1.403290e+02
   3.943945e-01   2.337905e+00   8.909121e+01   8.103081e-01   2.900436e+03   8.413963e-01   2.587369e-02   3.011713e+03   9.261287e+01
   3.991918e-01   2.342702e+00   8.909121e+01   6.887357e-01   2.361905e+03   7.360964e-01   3.359568e-02   2.524321e+03   1.152108e+02
   4.037124e-01   2.347222e+00   8.909121e+01   5.552308e-01   1.830148e+03   5.726308e-01   2.587369e-02   1.887502e+03   8.528469e+01
   4.084174e-01   2.351927e+00   8.909121e+01   4.004916e-01   1.267768e+03   4.191939e-01   2.065884e-02   1.326971e+03   6.539617e+01
   4.136760e-01   2.357186e+00   8.909121e+01   2.365587e-01   7.163775e+02   2.557283e-01   1.805141e-02   7.744295e+02   5.466561e+01
   4.174585e-01   2.360969e+00   8.909121e+01   1.663719e-01   4.883018e+02   1.825198e-01   1.554427e-02   5.356960e+02   4.562246e+01
   4.220713e-01   2.365581e+00   8.909121e+01   1.963960e-01   5.551802e+02   2.336655e-01   1.634655e-02   6.605350e+02   4.620910e+01
   4.266841e-01   2.370194e+00   8.909121e+01   3.640409e-01   9.918257e+02   4.492795e-01   2.928340e-02   1.224057e+03   7.978231e+01
   4.316660e-01   2.375176e+00   8.909121e+01   6.077757e-01   1.592386e+03   6.428308e-01   3.359568e-02   1.684231e+03   8.802144e+01
   4.361865e-01   2.379697e+00   8.909121e+01   7.960415e-01   2.014235e+03   8.403934e-01   2.667597e-02   2.126460e+03   6.749860e+01
   4.408916e-01   2.384402e+00   8.909121e+01   9.290801e-01   2.268568e+03   9.908218e-01   3.449825e-02   2.419326e+03   8.423563e+01
   4.456889e-01   2.389199e+00   8.909121e+01   1.008772e+00   2.376791e+03   1.042970e+00   2.497112e-02   2.457365e+03   5.883500e+01
   4.508552e-01   2.394365e+00   8.909121e+01   1.052412e+00   2.387786e+03   1.093113e+00   3.449825e-02   2.480133e+03   7.827208e+01
   4.598963e-01   2.403406e+00   8.909121e+01   1.072010e+00   2.280679e+03   1.113170e+00   3.540082e-02   2.368247e+03   7.531454e+01
   4.783475e-01   2.421858e+00   8.909121e+01   1.032197e+00   1.937884e+03   1.063027e+00   3.189082e-02   1.995767e+03   5.987300e+01
   4.966142e-01   2.440124e+00   8.909121e+01   9.708821e-01   1.622906e+03   9.978418e-01   2.928340e-02   1.667971e+03   4.894951e+01
   5.152499e-01   2.458760e+00   8.909121e+01   9.097007e-01   1.360354e+03   9.406790e-01   2.848111e-02   1.406679e+03   4.259028e+01
   5.338856e-01   2.477396e+00   8.909121e+01   8.539757e-01   1.149894e+03   8.283592e-01   2.416883e-02   1.115401e+03   3.254377e+01
   5.611012e-01   2.504611e+00   8.909121e+01   7.827069e-01   9.138600e+02   7.581592e-01   2.497112e-02   8.851991e+02   2.915537e+01
   5.890547e-01   2.532565e+00   8.909121e+01   7.202846e-01   7.348670e+02   6.899650e-01   2.065884e-02   7.039336e+02   2.107708e+01
   6.461612e-01   2.589671e+00   8.909121e+01   6.185304e-01   4.941203e+02   5.987051e-01   1.775055e-02   4.782826e+02   1.418024e+01
   1.507464e+00   3.450974e+00   8.909121e+01   1.803105e-01   2.875462e+01   1.765027e-01   5.224880e-03   2.814738e+01   8.332265e-01
   1.535140e+00   3.478650e+00   8.909121e+01   2.018742e-01   3.142944e+01   1.995684e-01   6.267851e-03   3.107045e+01   9.758307e-01
   1.544366e+00   3.487876e+00   8.909121e+01   2.197169e-01   3.394068e+01   2.376769e-01   5.224880e-03   3.671504e+01   8.071112e-01
   1.553592e+00   3.497102e+00   8.909121e+01   2.339689e-01   3.586364e+01   2.306569e-01   5.746366e-03   3.535597e+01   8.808247e-01
   1.562817e+00   3.506327e+00   8.909121e+01   2.214111e-01   3.368002e+01   2.156141e-01   6.267851e-03   3.279820e+01   9.534360e-01
   1.572043e+00   3.515553e+00   8.909121e+01   1.724618e-01   2.603631e+01   1.674770e-01   6.267851e-03   2.528375e+01   9.462482e-01
   1.582191e+00   3.525701e+00   8.909121e+01   1.056148e-01   1.581386e+01   1.113170e-01   6.267851e-03   1.666766e+01   9.384945e-01
   1.591416e+00   3.534926e+00   8.909121e+01   7.015272e-02   1.042669e+01   7.742049e-02   3.138940e-03   1.150689e+01   4.665358e-01
   1.600642e+00   3.544152e+00   8.909121e+01   9.660102e-02   1.425305e+01   9.206219e-02   3.660425e-03   1.358337e+01   5.400793e-01
   1.609868e+00   3.553378e+00   8.909121e+01   1.737773e-01   2.545526e+01   1.514313e-01   5.746366e-03   2.218197e+01   8.417398e-01
   1.618171e+00   3.561681e+00   8.909121e+01   2.309614e-01   3.361443e+01   2.236369e-01   7.320850e-03   3.254842e+01   1.065486e+00
   1.626474e+00   3.569984e+00   8.909121e+01   2.582848e-01   3.735203e+01   2.386798e-01   5.746366e-03   3.451683e+01   8.310144e-01
   1.636622e+00   3.580132e+00   8.909121e+01   2.664979e-01   3.824358e+01   2.477055e-01   6.267851e-03   3.554679e+01   8.994632e-01
   1.654151e+00   3.597661e+00   8.909121e+01   2.586655e-01   3.663601e+01   2.446969e-01   6.267851e-03   3.465757e+01   8.877452e-01
   1.746407e+00   3.689917e+00   8.909121e+01   2.109051e-01   2.799553e+01   1.975627e-01   5.746366e-03   2.622446e+01   7.627723e-01
   1.837740e+00   3.781250e+00   8.909121e+01   1.888502e-01   2.365506e+01   1.775055e-01   4.703395e-03   2.223405e+01   5.891394e-01


   6.452387e-01   2.588749e+00   1.188806e+02   3.950849e-01   3.167753e+02   4.021875e-01   7.891159e-03   3.224701e+02   6.327056e+00
   6.921970e-01   2.635707e+00   1.188806e+02   3.578687e-01   2.407085e+02   3.651296e-01   9.460672e-03   2.455923e+02   6.363407e+00
   7.381405e-01   2.681650e+00   1.188806e+02   3.291700e-01   1.899452e+02   3.389711e-01   6.833918e-03   1.956008e+02   3.943463e+00
   7.840840e-01   2.727594e+00   1.188806e+02   3.058145e-01   1.537625e+02   3.008232e-01   6.310748e-03   1.512529e+02   3.173022e+00
   8.291049e-01   2.772615e+00   1.188806e+02   2.867323e-01   1.275970e+02   2.844741e-01   6.310748e-03   1.265921e+02   2.808307e+00
   8.765245e-01   2.820035e+00   1.188806e+02   2.697056e-01   1.067929e+02   2.670351e-01   5.787577e-03   1.057355e+02   2.291655e+00
   9.206229e-01   2.864133e+00   1.188806e+02   2.560608e-01   9.182218e+01   2.583156e-01   6.310748e-03   9.263073e+01   2.263004e+00
   9.677657e-01   2.911276e+00   1.188806e+02   2.433046e-01   7.916979e+01   2.506860e-01   5.253507e-03   8.157164e+01   1.709458e+00
   1.059099e+00   3.002609e+00   1.188806e+02   2.225973e-01   6.133308e+01   2.256174e-01   4.207165e-03   6.216522e+01   1.159216e+00
   1.151355e+00   3.094865e+00   1.188806e+02   2.054015e-01   4.900795e+01   2.049086e-01   4.730336e-03   4.889035e+01   1.128639e+00
   1.242689e+00   3.186199e+00   1.188806e+02   1.906021e-01   4.019699e+01   1.863796e-01   4.207165e-03   3.930649e+01   8.872692e-01
   1.334022e+00   3.277532e+00   1.188806e+02   1.765469e-01   3.342301e+01   1.754802e-01   3.683994e-03   3.322106e+01   6.974359e-01
   1.426278e+00   3.369788e+00   1.188806e+02   1.598855e-01   2.749619e+01   1.634909e-01   5.253507e-03   2.811622e+01   9.034679e-01
   1.471484e+00   3.414994e+00   1.188806e+02   1.467839e-01   2.418101e+01   1.482317e-01   3.683994e-03   2.441953e+01   6.068971e-01
   1.489012e+00   3.432522e+00   1.188806e+02   1.386574e-01   2.247945e+01   1.395122e-01   3.149924e-03   2.261803e+01   5.106727e-01
   1.507464e+00   3.450974e+00   1.188806e+02   1.254185e-01   2.000085e+01   1.242531e-01   2.626753e-03   1.981499e+01   4.188958e-01
   1.525915e+00   3.469425e+00   1.188806e+02   1.013824e-01   1.590947e+01   9.885748e-02   2.103583e-03   1.551325e+01   3.301056e-01
   1.536063e+00   3.479573e+00   1.188806e+02   7.930236e-02   1.233674e+01   7.313492e-02   2.855641e-03   1.137729e+01   4.442401e-01
   1.544366e+00   3.487876e+00   1.188806e+02   5.552170e-02   8.576691e+00   4.828430e-02   3.008232e-03   7.458697e+00   4.646954e-01
   1.554514e+00   3.498024e+00   1.188806e+02   2.713242e-02   4.155762e+00   2.517759e-02   3.008232e-03   3.856350e+00   4.607587e-01
   1.562817e+00   3.506327e+00   1.188806e+02   2.000075e-02   3.042420e+00   2.419665e-02   2.572256e-03   3.680681e+00   3.912796e-01
   1.572965e+00   3.516475e+00   1.188806e+02   4.142000e-02   6.248415e+00   4.654040e-02   2.572256e-03   7.020853e+00   3.880378e-01
   1.581268e+00   3.524778e+00   1.188806e+02   7.545531e-02   1.130644e+01   8.392531e-02   3.433308e-03   1.257561e+01   5.144568e-01
   1.590494e+00   3.534004e+00   1.188806e+02   1.277069e-01   1.899485e+01   1.329726e-01   4.719436e-03   1.977806e+01   7.019589e-01
   1.598797e+00   3.542307e+00   1.188806e+02   1.870103e-01   2.763274e+01   1.929192e-01   5.155412e-03   2.850585e+01   7.617665e-01
   1.608945e+00   3.552455e+00   1.188806e+02   2.433001e-01   3.566478e+01   2.386967e-01   3.433308e-03   3.498997e+01   5.032804e-01
   1.618171e+00   3.561681e+00   1.188806e+02   2.545800e-01   3.705192e+01   2.561357e-01   4.719436e-03   3.727833e+01   6.868731e-01
   1.627396e+00   3.570906e+00   1.188806e+02   2.449050e-01   3.539214e+01   2.408765e-01   6.441540e-03   3.480996e+01   9.308909e-01
   1.635699e+00   3.579209e+00   1.188806e+02   2.327001e-01   3.341675e+01   2.277973e-01   4.719436e-03   3.271269e+01   6.777318e-01
   1.655073e+00   3.598583e+00   1.188806e+02   2.100644e-01   2.973210e+01   2.092683e-01   4.294360e-03   2.961942e+01   6.078153e-01
   1.746407e+00   3.689917e+00   1.188806e+02   1.727558e-01   2.293160e+01   1.733003e-01   5.155412e-03   2.300388e+01   6.843291e-01
   1.837740e+00   3.781250e+00   1.188806e+02   1.599856e-01   2.003953e+01   1.602211e-01   4.294360e-03   2.006902e+01   5.379044e-01


   2.740927e-01   2.217603e+00   1.469212e+02   7.125452e-01   1.092370e+04   7.597782e-01   1.287563e-02   1.164780e+04   1.973903e+02
   3.109028e-01   2.254413e+00   1.469212e+02   5.246416e-01   4.679937e+03   5.382246e-01   1.030050e-02   4.801101e+03   9.188314e+01
   3.385796e-01   2.282090e+00   1.469212e+02   4.018038e-01   2.543002e+03   4.175880e-01   8.583754e-03   2.642900e+03   5.432628e+01
   3.662564e-01   2.309766e+00   1.469212e+02   2.713648e-01   1.271869e+03   2.737522e-01   6.008628e-03   1.283059e+03   2.816205e+01
   3.758511e-01   2.319361e+00   1.469212e+02   2.190210e-01   9.329186e+02   2.157538e-01   4.291877e-03   9.190021e+02   1.828122e+01
   3.847076e-01   2.328218e+00   1.469212e+02   1.662779e-01   6.506797e+02   1.647153e-01   6.008628e-03   6.445647e+02   2.351299e+01
   3.941178e-01   2.337628e+00   1.469212e+02   1.098581e-01   3.942120e+02   1.130968e-01   5.150252e-03   4.058334e+02   1.848103e+01
   3.985460e-01   2.342056e+00   1.469212e+02   8.861560e-02   3.056348e+02   9.500128e-02   6.008628e-03   3.276590e+02   2.072373e+01
   4.032511e-01   2.346761e+00   1.469212e+02   7.869062e-02   2.604210e+02   8.792548e-02   6.008628e-03   2.909831e+02   1.988513e+01
   4.078639e-01   2.351374e+00   1.469212e+02   9.630046e-02   3.062839e+02   1.183166e-01   5.150252e-03   3.763063e+02   1.638039e+01
   4.133070e-01   2.356817e+00   1.469212e+02   1.851644e-01   5.624679e+02   2.180738e-01   1.287563e-02   6.624357e+02   3.911190e+01
   4.171818e-01   2.360692e+00   1.469212e+02   3.146109e-01   9.254863e+02   3.758292e-01   2.145939e-02   1.105571e+03   6.312676e+01
   4.217946e-01   2.365305e+00   1.469212e+02   5.324089e-01   1.508401e+03   6.066626e-01   1.890746e-02   1.718774e+03   5.356790e+01
   4.265919e-01   2.370102e+00   1.469212e+02   7.587636e-01   2.068755e+03   8.177766e-01   1.635553e-02   2.229653e+03   4.459306e+01
   4.312047e-01   2.374715e+00   1.469212e+02   8.953574e-01   2.354291e+03   9.012942e-01   1.117048e-02   2.369901e+03   2.937214e+01
   4.360020e-01   2.379512e+00   1.469212e+02   9.402477e-01   2.382480e+03   9.314533e-01   1.031210e-02   2.360196e+03   2.612969e+01
   4.405225e-01   2.384033e+00   1.469212e+02   9.253511e-01   2.265736e+03   9.279734e-01   1.635553e-02   2.272156e+03   4.004675e+01
   4.453199e-01   2.388830e+00   1.469212e+02   8.833350e-01   2.086920e+03   8.618553e-01   1.115888e-02   2.036173e+03   2.636337e+01
   4.497481e-01   2.393258e+00   1.469212e+02   8.378092e-01   1.916198e+03   8.258963e-01   9.453729e-03   1.888952e+03   2.162213e+01
   4.590660e-01   2.402576e+00   1.469212e+02   7.479752e-01   1.600593e+03   7.342590e-01   8.583754e-03   1.571242e+03   1.836839e+01
   4.681993e-01   2.411709e+00   1.469212e+02   6.771388e-01   1.360409e+03   6.623410e-01   1.206365e-02   1.330679e+03   2.423653e+01
   4.775172e-01   2.421027e+00   1.469212e+02   6.205711e-01   1.171455e+03   6.147824e-01   1.030050e-02   1.160527e+03   1.944430e+01
   4.960607e-01   2.439571e+00   1.469212e+02   5.398230e-01   9.054432e+02   5.289448e-01   1.031210e-02   8.871974e+02   1.729646e+01
   5.142351e-01   2.457745e+00   1.469212e+02   4.854762e-01   7.302648e+02   4.767463e-01   1.030050e-02   7.171330e+02   1.549426e+01
   5.324095e-01   2.475920e+00   1.469212e+02   4.452455e-01   6.043962e+02   4.442673e-01   9.453729e-03   6.030683e+02   1.283292e+01
   5.598096e-01   2.503320e+00   1.469212e+02   4.003984e-01   4.705412e+02   3.978686e-01   9.453729e-03   4.675683e+02   1.110986e+01
   5.875786e-01   2.531089e+00   1.469212e+02   3.667646e-01   3.767626e+02   3.561098e-01   7.736978e-03   3.658173e+02   7.947887e+00
   6.472683e-01   2.590778e+00   1.469212e+02   3.166464e-01   2.518513e+02   3.178309e-01   7.249792e-03   2.527934e+02   5.766272e+00
   6.928428e-01   2.636353e+00   1.469212e+02   2.901173e-01   1.946945e+02   2.830319e-01   5.962229e-03   1.899396e+02   4.001186e+00
   7.381405e-01   2.681650e+00   1.469212e+02   2.697573e-01   1.556615e+02   2.702723e-01   6.391417e-03   1.559586e+02   3.688120e+00
   7.842685e-01   2.727779e+00   1.469212e+02   2.532342e-01   1.272584e+02   2.459130e-01   6.391417e-03   1.235793e+02   3.211895e+00
   8.303043e-01   2.773814e+00   1.469212e+02   2.397914e-01   1.063783e+02   2.366332e-01   6.391417e-03   1.049772e+02   2.835414e+00
   8.764323e-01   2.819942e+00   1.469212e+02   2.286016e-01   9.053690e+01   2.250336e-01   5.544641e-03   8.912380e+01   2.195937e+00
   9.220990e-01   2.865609e+00   1.469212e+02   2.192590e-01   7.837605e+01   2.169138e-01   5.544641e-03   7.753774e+01   1.981981e+00
   9.668432e-01   2.910353e+00   1.469212e+02   2.114380e-01   6.892602e+01   2.122739e-01   3.839490e-03   6.919850e+01   1.251623e+00
   1.059099e+00   3.002609e+00   1.469212e+02   1.985369e-01   5.470362e+01   1.925545e-01   3.839490e-03   5.305527e+01   1.057909e+00
   1.150433e+00   3.093943e+00   1.469212e+02   1.891074e-01   4.518061e+01   1.809548e-01   4.268678e-03   4.323283e+01   1.019851e+00
   1.242689e+00   3.186199e+00   1.469212e+02   1.824385e-01   3.847532e+01   1.809548e-01   4.268678e-03   3.816243e+01   9.002419e-01
   1.426278e+00   3.369788e+00   1.469212e+02   1.775632e-01   3.053630e+01   1.763149e-01   3.839490e-03   3.032163e+01   6.602935e-01
   1.471484e+00   3.414994e+00   1.469212e+02   1.739285e-01   2.865279e+01   1.705151e-01   4.686266e-03   2.809047e+01   7.720101e-01
   1.507464e+00   3.450974e+00   1.469212e+02   1.526747e-01   2.434747e+01   1.473158e-01   3.839490e-03   2.349287e+01   6.122944e-01
   1.525915e+00   3.469425e+00   1.469212e+02   1.132663e-01   1.777435e+01   1.003371e-01   5.115453e-03   1.574544e+01   8.027446e-01
   1.536063e+00   3.479573e+00   1.469212e+02   7.227028e-02   1.124279e+01   6.368218e-02   3.410302e-03   9.906771e+00   5.305265e-01
   1.544366e+00   3.487876e+00   1.469212e+02   3.015777e-02   4.658609e+00   1.287563e-02   2.981115e-03   1.988958e+00   4.605064e-01
   1.552669e+00   3.496179e+00   1.469212e+02   1.401302e-03   2.149624e-01   3.062312e-03   2.134339e-03   4.697644e-01   3.274116e-01
   1.562817e+00   3.506327e+00   1.469212e+02   4.760990e-02   7.242195e+00   7.168595e-02   5.544641e-03   1.090453e+01   8.434248e-01
   1.572043e+00   3.515553e+00   1.469212e+02   1.911493e-01   2.885753e+01   2.505528e-01   8.096568e-03   3.782559e+01   1.222327e+00
   1.580346e+00   3.523856e+00   1.469212e+02   3.595842e-01   5.392127e+01   4.164281e-01   1.108928e-02   6.244527e+01   1.662888e+00
   1.587726e+00   3.531236e+00   1.469212e+02   5.020213e-01   7.483493e+01   5.939030e-01   1.241164e-02   8.853148e+01   1.850170e+00
   1.596952e+00   3.540462e+00   1.469212e+02   6.005852e-01   8.887240e+01   5.939030e-01   8.954943e-03   8.788359e+01   1.325120e+00
   1.607100e+00   3.550610e+00   1.469212e+02   5.108287e-01   7.498921e+01   4.813862e-01   9.801719e-03   7.066707e+01   1.438884e+00
   1.617248e+00   3.560758e+00   1.469212e+02   3.223149e-01   4.694359e+01   3.131910e-01   7.678980e-03   4.561475e+01   1.118406e+00
   1.625551e+00   3.569061e+00   1.469212e+02   2.110708e-01   3.054570e+01   2.122739e-01   5.115453e-03   3.071981e+01   7.402970e-01
   1.634777e+00   3.578287e+00   1.469212e+02   1.431054e-01   2.056492e+01   1.473158e-01   5.115453e-03   2.116997e+01   7.351147e-01
   1.653228e+00   3.596738e+00   1.469212e+02   9.497950e-02   1.346159e+01   9.929315e-02   2.551927e-03   1.407297e+01   3.616886e-01
   1.744562e+00   3.688072e+00   1.469212e+02   9.554307e-02   1.269802e+01   9.442129e-02   3.839490e-03   1.254894e+01   5.102823e-01
   1.838663e+00   3.782173e+00   1.469212e+02   1.037087e-01   1.298314e+01   1.005691e-01   3.410302e-03   1.259010e+01   4.269307e-01


