PHYSICAL LEVEL PARAMETERS (BOUNDARY CONDITION SET TO SHIFT AT E_LEVEL)

J = 0.5-  E_level =   0.0000 MeV  ITERATIONS =     0
  R =  1  l =   1  s =  0.5  C  =     1.772596 fm^(-1/2)  g_int =     1.430909 MeV^(1/2)   g_ext =  (0.000000,0.000000) MeV^(1/2) 
  R =  2  L =  M1  s =  0.5  mu =     0.000000 nm         g_int =    -0.000000 MeV^(1/2)   g_ext =  (0.000000,0.000000) MeV^(1/2) 

J = 0.5-  E_level =  20.0000 MeV  ITERATIONS =     0
  R =  1  l =   1  s =  0.5  G  =  5000.000000 keV        g_int =     0.962095 MeV^(1/2)   g_ext =  (0.000000,0.000000) MeV^(1/2) 
  R =  2  L =  M1  s =  0.5  G  =     0.000000 meV        g_int =     0.000000 MeV^(1/2)   g_ext =  (0.000000,0.000000) MeV^(1/2) 

J = 0.5+  E_level =   2.3681 MeV  ITERATIONS =     0
  R =  1  l =   0  s =  0.5  G  =    35.829422 keV        g_int =     2.676893 MeV^(1/2)   g_ext =  (0.000000,0.000000) MeV^(1/2) 
  R =  2  L =  E1  s =  0.5  G  =   535.737205 meV        g_int =     0.324349 MeV^(1/2)   g_ext = (-1.172373,-0.031206) MeV^(1/2) 

J = 0.5+  E_level =  20.0000 MeV  ITERATIONS =     0
  R =  1  l =   0  s =  0.5  G  =  5000.000000 keV        g_int =     0.911413 MeV^(1/2)   g_ext =  (0.000000,0.000000) MeV^(1/2) 
  R =  2  L =  E1  s =  0.5  G  =     1.530295 keV        g_int =    -0.781043 MeV^(1/2)   g_ext = (-0.057598,-0.180787) MeV^(1/2) 

J = 1.5-  E_level =   3.5029 MeV  ITERATIONS =     0
  R =  1  l =   1  s =  0.5  G  =    54.157048 keV        g_int =     0.499526 MeV^(1/2)   g_ext =  (0.000000,0.000000) MeV^(1/2) 
  R =  2  L =  M1  s =  0.5  G  =   522.093464 meV        g_int =    -0.223731 MeV^(1/2)   g_ext =  (0.000000,0.000000) MeV^(1/2) 
  R =  2  L =  E2  s =  0.5  G  =     0.173358 meV        g_int =     0.215664 MeV^(1/2)   g_ext = (-0.387270,-0.152629) MeV^(1/2) 

J = 1.5-  E_level =  20.0000 MeV  ITERATIONS =     0
  R =  1  l =   1  s =  0.5  G  =  5000.000000 keV        g_int =     0.962095 MeV^(1/2)   g_ext =  (0.000000,0.000000) MeV^(1/2) 
  R =  2  L =  M1  s =  0.5  G  =     3.499082 keV        g_int =    -1.300853 MeV^(1/2)   g_ext =  (0.000000,0.000000) MeV^(1/2) 
  R =  2  L =  E2  s =  0.5  G  =    39.703383 keV        g_int =   -43.201438 MeV^(1/2)   g_ext = (-0.031202,-0.287823) MeV^(1/2) 

J = 1.5+  E_level =  20.0000 MeV  ITERATIONS =     0
  R =  1  l =   2  s =  0.5  G  =  5000.000000 keV        g_int =     1.105146 MeV^(1/2)   g_ext =  (0.000000,0.000000) MeV^(1/2) 
  R =  2  L =  E1  s =  0.5  G  =     0.000000 meV        g_int =     0.000000 MeV^(1/2)   g_ext =  (0.000000,0.000000) MeV^(1/2) 
  R =  2  L =  M2  s =  0.5  G  =     0.000000 meV        g_int =     0.000000 MeV^(1/2)   g_ext =  (0.000000,0.000000) MeV^(1/2) 

J = 2.5-  E_level =  20.0000 MeV  ITERATIONS =     0
  R =  1  l =   3  s =  0.5  G  =  5000.000000 keV        g_int =     1.526380 MeV^(1/2)   g_ext =  (0.000000,0.000000) MeV^(1/2) 
  R =  2  L =  E2  s =  0.5  G  =     0.000000 meV        g_int =     0.000000 MeV^(1/2)   g_ext =  (0.000000,0.000000) MeV^(1/2) 
  R =  2  L =  M3  s =  0.5  G  =     0.000000 meV        g_int =     0.000000 MeV^(1/2)   g_ext =  (0.000000,0.000000) MeV^(1/2) 

J = 2.5+  E_level =   3.5467 MeV  ITERATIONS =     0
  R =  1  l =   2  s =  0.5  G  =    50.032182 keV        g_int =     1.967190 MeV^(1/2)   g_ext =  (0.000000,0.000000) MeV^(1/2) 
  R =  2  L =  M2  s =  0.5  G  =     0.000000 meV        g_int =     0.000000 MeV^(1/2)   g_ext =  (0.000000,0.000000) MeV^(1/2) 
  R =  2  L =  E3  s =  0.5  G  =     0.000000 meV        g_int =     0.000000 MeV^(1/2)   g_ext =  (0.000000,0.000000) MeV^(1/2) 

J = 2.5+  E_level =  20.0000 MeV  ITERATIONS =     0
  R =  1  l =   2  s =  0.5  G  =  5000.000000 keV        g_int =     1.105146 MeV^(1/2)   g_ext =  (0.000000,0.000000) MeV^(1/2) 
  R =  2  L =  M2  s =  0.5  G  =     0.000000 meV        g_int =     0.000000 MeV^(1/2)   g_ext =  (0.000000,0.000000) MeV^(1/2) 
  R =  2  L =  E3  s =  0.5  G  =     0.000000 meV        g_int =     0.000000 MeV^(1/2)   g_ext =  (0.000000,0.000000) MeV^(1/2) 

J = 3.5-  E_level =  20.0000 MeV  ITERATIONS =     0
  R =  1  l =   3  s =  0.5  G  =     0.000000 meV        g_int =     0.000000 MeV^(1/2)   g_ext =  (0.000000,0.000000) MeV^(1/2) 
  R =  2  L =  M3  s =  0.5  G  =     0.000000 meV        g_int =     0.000000 MeV^(1/2)   g_ext =  (0.000000,0.000000) MeV^(1/2) 

J = 3.5+  E_level =  20.0000 MeV  ITERATIONS =     0
  R =  1  l =   4  s =  0.5  G  =     0.000000 meV        g_int =     0.000000 MeV^(1/2)   g_ext =  (0.000000,0.000000) MeV^(1/2) 
  R =  2  L =  E3  s =  0.5  G  =     0.000000 meV        g_int =     0.000000 MeV^(1/2)   g_ext =  (0.000000,0.000000) MeV^(1/2) 

